Change Physical Footprint: Designator=D1 Old Footprint=Dual Mosfet New Footprint=Dual Mosfet
Change Physical Footprint: Designator=D2 Old Footprint=0805 LED New Footprint=0805 LED
Change Physical Footprint: Designator=D3 Old Footprint=Dual Mosfet New Footprint=Dual Mosfet
Change Physical Footprint: Designator=D4 Old Footprint=0805 LED New Footprint=0805 LED
Change Physical Footprint: Designator=D5 Old Footprint=0805 LED New Footprint=0805 LED
Change Physical Footprint: Designator=D6 Old Footprint=Dual Mosfet New Footprint=Dual Mosfet
Change Physical Footprint: Designator=D7 Old Footprint=0805 LED New Footprint=0805 LED
Change Physical Footprint: Designator=D8 Old Footprint=0805 LED New Footprint=0805 LED
Change Physical Footprint: Designator=D9 Old Footprint=Dual Mosfet New Footprint=Dual Mosfet
Change Physical Footprint: Designator=D10 Old Footprint=0805 LED New Footprint=0805 LED
Change Physical Footprint: Designator=D11 Old Footprint=0805 LED New Footprint=0805 LED
Change Physical Footprint: Designator=D12 Old Footprint=0805 LED New Footprint=0805 LED
Change Physical Footprint: Designator=D13 Old Footprint=0805 LED New Footprint=0805 LED
Change Physical Footprint: Designator=D14 Old Footprint=0805 LED New Footprint=0805 LED
Change Physical Footprint: Designator=D15 Old Footprint=0805 LED New Footprint=0805 LED
Change Physical Footprint: Designator=D16 Old Footprint=0805 LED New Footprint=0805 LED
Change Physical Footprint: Designator=D17 Old Footprint=0805 LED New Footprint=0805 LED
Change Physical Footprint: Designator=D18 Old Footprint=0805 LED New Footprint=0805 LED
Change Physical Footprint: Designator=D19 Old Footprint=0805 LED New Footprint=0805 LED
Change Physical Footprint: Designator=D20 Old Footprint=0805 LED New Footprint=0805 LED
Change Physical Footprint: Designator=D21 Old Footprint=0805 LED New Footprint=0805 LED
Change Physical Footprint: Designator=D22 Old Footprint=0805 LED New Footprint=0805 LED
Change Physical Footprint: Designator=D23 Old Footprint=0805 LED New Footprint=0805 LED
Change Physical Footprint: Designator=D24 Old Footprint=0805 LED New Footprint=0805 LED
Change Physical Footprint: Designator=D25 Old Footprint=0805 LED New Footprint=0805 LED
Change Physical Footprint: Designator=D26 Old Footprint=0805 LED New Footprint=0805 LED
Change Physical Footprint: Designator=D27 Old Footprint=0805 LED New Footprint=0805 LED
Change Physical Footprint: Designator=D28 Old Footprint=0805 LED New Footprint=0805 LED
Change Physical Footprint: Designator=D29 Old Footprint=0805 LED New Footprint=0805 LED
Change Physical Footprint: Designator=D30 Old Footprint=0805 LED New Footprint=0805 LED
Change Physical Footprint: Designator=D31 Old Footprint=0805 LED New Footprint=0805 LED
Change Physical Footprint: Designator=D32 Old Footprint=0805 LED New Footprint=0805 LED
Change Physical Footprint: Designator=D33 Old Footprint=0805 LED New Footprint=0805 LED
Change Physical Footprint: Designator=D34 Old Footprint=0805 LED New Footprint=0805 LED
Change Physical Footprint: Designator=D35 Old Footprint=0805 LED New Footprint=0805 LED
Change Physical Footprint: Designator=D36 Old Footprint=0805 LED New Footprint=0805 LED
Change Physical Footprint: Designator=D37 Old Footprint=0805 LED New Footprint=0805 LED
Change Physical Footprint: Designator=D38 Old Footprint=0805 LED New Footprint=0805 LED
Change Physical Footprint: Designator=D39 Old Footprint=0805 LED New Footprint=0805 LED
Change Physical Footprint: Designator=D40 Old Footprint=0805 LED New Footprint=0805 LED
Change Physical Footprint: Designator=D41 Old Footprint=0805 LED New Footprint=0805 LED
Change Physical Footprint: Designator=D42 Old Footprint=0805 LED New Footprint=0805 LED
Change Physical Footprint: Designator=D43 Old Footprint=0805 LED New Footprint=0805 LED
Change Physical Footprint: Designator=D44 Old Footprint=0805 LED New Footprint=0805 LED
Change Physical Footprint: Designator=D45 Old Footprint=0805 LED New Footprint=0805 LED
Change Physical Footprint: Designator=D46 Old Footprint=0805 LED New Footprint=0805 LED
Change Physical Footprint: Designator=D47 Old Footprint=0805 LED New Footprint=0805 LED
Change Physical Footprint: Designator=D48 Old Footprint=0805 LED New Footprint=0805 LED
Change Physical Footprint: Designator=D49 Old Footprint=0805 LED New Footprint=0805 LED
Change Physical Footprint: Designator=D50 Old Footprint=0805 LED New Footprint=0805 LED
Change Physical Footprint: Designator=D51 Old Footprint=0805 LED New Footprint=0805 LED
Change Physical Footprint: Designator=D52 Old Footprint=0805 LED New Footprint=0805 LED
Change Physical Footprint: Designator=D53 Old Footprint=0805 LED New Footprint=0805 LED
Change Physical Footprint: Designator=D54 Old Footprint=0805 LED New Footprint=0805 LED
Change Physical Footprint: Designator=D55 Old Footprint=0805 LED New Footprint=0805 LED
Change Physical Footprint: Designator=D56 Old Footprint=0805 LED New Footprint=0805 LED
Change Physical Footprint: Designator=D57 Old Footprint=0805 LED New Footprint=0805 LED
Change Physical Footprint: Designator=D58 Old Footprint=0805 LED New Footprint=0805 LED
Change Physical Footprint: Designator=D59 Old Footprint=0805 LED New Footprint=0805 LED
Change Physical Footprint: Designator=D60 Old Footprint=0805 LED New Footprint=0805 LED
Change Physical Footprint: Designator=D61 Old Footprint=0805 LED New Footprint=0805 LED
Change Physical Footprint: Designator=D62 Old Footprint=0805 LED New Footprint=0805 LED
Change Physical Footprint: Designator=D63 Old Footprint=0805 LED New Footprint=0805 LED
Change Physical Footprint: Designator=D64 Old Footprint=0805 LED New Footprint=0805 LED
Change Physical Footprint: Designator=D65 Old Footprint=0805 LED New Footprint=0805 LED
Change Physical Footprint: Designator=D66 Old Footprint=0805 LED New Footprint=0805 LED
Change Physical Footprint: Designator=D67 Old Footprint=0805 LED New Footprint=0805 LED
Change Physical Footprint: Designator=D68 Old Footprint=0805 LED New Footprint=0805 LED
Change Physical Footprint: Designator=D69 Old Footprint=0805 LED New Footprint=0805 LED
Change Physical Footprint: Designator=D70 Old Footprint=0805 LED New Footprint=0805 LED
Change Physical Footprint: Designator=D71 Old Footprint=0805 LED New Footprint=0805 LED
Change Physical Footprint: Designator=D72 Old Footprint=0805 LED New Footprint=0805 LED
Change Physical Footprint: Designator=D73 Old Footprint=0805 LED New Footprint=0805 LED
Change Physical Footprint: Designator=D74 Old Footprint=0805 LED New Footprint=0805 LED
Change Physical Footprint: Designator=D75 Old Footprint=0805 LED New Footprint=0805 LED
Change Physical Footprint: Designator=D76 Old Footprint=0805 LED New Footprint=0805 LED
Change Physical Footprint: Designator=D77 Old Footprint=0805 LED New Footprint=0805 LED
Change Physical Footprint: Designator=D78 Old Footprint=0805 LED New Footprint=0805 LED
Change Physical Footprint: Designator=D79 Old Footprint=0805 LED New Footprint=0805 LED
Change Physical Footprint: Designator=D80 Old Footprint=0805 LED New Footprint=0805 LED
Change Physical Footprint: Designator=D81 Old Footprint=0805 LED New Footprint=0805 LED
Change Physical Footprint: Designator=D82 Old Footprint=0805 LED New Footprint=0805 LED
Change Physical Footprint: Designator=D83 Old Footprint=0805 LED New Footprint=0805 LED
Change Physical Footprint: Designator=D84 Old Footprint=0805 LED New Footprint=0805 LED
Change Physical Footprint: Designator=P1 Old Footprint=HDR1X8 New Footprint=HDR1X8
Change Physical Footprint: Designator=P2 Old Footprint=HDR1X11 New Footprint=HDR1X11
Change Physical Footprint: Designator=R1 Old Footprint=0805 Resistor New Footprint=0805 Resistor
Change Physical Footprint: Designator=R2 Old Footprint=0805 Resistor New Footprint=0805 Resistor
Change Physical Footprint: Designator=R3 Old Footprint=0805 Resistor New Footprint=0805 Resistor
Change Physical Footprint: Designator=R4 Old Footprint=0805 Resistor New Footprint=0805 Resistor
Change Physical Footprint: Designator=R5 Old Footprint=0805 Resistor New Footprint=0805 Resistor
Change Physical Footprint: Designator=R6 Old Footprint=0805 Resistor New Footprint=0805 Resistor
Change Physical Footprint: Designator=R7 Old Footprint=0805 Resistor New Footprint=0805 Resistor
Change Physical Footprint: Designator=R8 Old Footprint=0805 Resistor New Footprint=0805 Resistor
Change Physical Footprint: Designator=R9 Old Footprint=0805 Resistor New Footprint=0805 Resistor
Change Physical Footprint: Designator=R10 Old Footprint=0805 Resistor New Footprint=0805 Resistor
Change Physical Footprint: Designator=R11 Old Footprint=0805 Resistor New Footprint=0805 Resistor
Change Physical Footprint: Designator=R12 Old Footprint=0805 Resistor New Footprint=0805 Resistor
Change Physical Footprint: Designator=R13 Old Footprint=0805 Resistor New Footprint=0805 Resistor
Change Physical Footprint: Designator=R14 Old Footprint=0805 Resistor New Footprint=0805 Resistor
Change Physical Footprint: Designator=R15 Old Footprint=0805 Resistor New Footprint=0805 Resistor
Change Physical Footprint: Designator=R16 Old Footprint=0805 Resistor New Footprint=0805 Resistor
Change Physical Footprint: Designator=R17 Old Footprint=0805 Resistor New Footprint=0805 Resistor
Change Physical Footprint: Designator=R18 Old Footprint=0805 Resistor New Footprint=0805 Resistor
Change Physical Footprint: Designator=R19 Old Footprint=0805 Resistor New Footprint=0805 Resistor
Change Physical Footprint: Designator=R20 Old Footprint=0805 Resistor New Footprint=0805 Resistor
Change Physical Footprint: Designator=R21 Old Footprint=0805 Resistor New Footprint=0805 Resistor
Change Physical Footprint: Designator=R22 Old Footprint=0805 Resistor New Footprint=0805 Resistor
Change Physical Footprint: Designator=R23 Old Footprint=0805 Resistor New Footprint=0805 Resistor
Change Physical Footprint: Designator=R24 Old Footprint=0805 Resistor New Footprint=0805 Resistor
Change Physical Footprint: Designator=R25 Old Footprint=0805 Resistor New Footprint=0805 Resistor
Change Physical Footprint: Designator=R26 Old Footprint=0805 Resistor New Footprint=0805 Resistor
Change Physical Footprint: Designator=R27 Old Footprint=0805 Resistor New Footprint=0805 Resistor
Change Physical Footprint: Designator=R28 Old Footprint=0805 Resistor New Footprint=0805 Resistor
Change Physical Footprint: Designator=R29 Old Footprint=0805 Resistor New Footprint=0805 Resistor
Change Physical Footprint: Designator=R30 Old Footprint=0805 Resistor New Footprint=0805 Resistor
Change Physical Footprint: Designator=R31 Old Footprint=0805 Resistor New Footprint=0805 Resistor
Change Physical Footprint: Designator=R32 Old Footprint=0805 Resistor New Footprint=0805 Resistor
Change Physical Footprint: Designator=R33 Old Footprint=0805 Resistor New Footprint=0805 Resistor
Change Physical Footprint: Designator=R34 Old Footprint=0805 Resistor New Footprint=0805 Resistor
Change Physical Footprint: Designator=R35 Old Footprint=0805 Resistor New Footprint=0805 Resistor
Change Physical Footprint: Designator=R36 Old Footprint=0805 Resistor New Footprint=0805 Resistor
Change Physical Footprint: Designator=R37 Old Footprint=0805 Resistor New Footprint=0805 Resistor
Change Physical Footprint: Designator=R38 Old Footprint=0805 Resistor New Footprint=0805 Resistor
Change Physical Footprint: Designator=R39 Old Footprint=0805 Resistor New Footprint=0805 Resistor
Change Physical Footprint: Designator=R40 Old Footprint=0805 Resistor New Footprint=0805 Resistor
Change Physical Footprint: Designator=R41 Old Footprint=0805 Resistor New Footprint=0805 Resistor
Change Physical Footprint: Designator=R42 Old Footprint=0805 Resistor New Footprint=0805 Resistor
Change Physical Footprint: Designator=R43 Old Footprint=0805 Resistor New Footprint=0805 Resistor
Change Physical Footprint: Designator=R44 Old Footprint=0805 Resistor New Footprint=0805 Resistor
Change Physical Footprint: Designator=R45 Old Footprint=0805 Resistor New Footprint=0805 Resistor
Change Physical Footprint: Designator=R46 Old Footprint=0805 Resistor New Footprint=0805 Resistor
Change Physical Footprint: Designator=R47 Old Footprint=0805 Resistor New Footprint=0805 Resistor
Change Physical Footprint: Designator=R48 Old Footprint=0805 Resistor New Footprint=0805 Resistor
Change Physical Footprint: Designator=R49 Old Footprint=0805 Resistor New Footprint=0805 Resistor
Change Physical Footprint: Designator=R50 Old Footprint=0805 Resistor New Footprint=0805 Resistor
Change Physical Footprint: Designator=R51 Old Footprint=0805 Resistor New Footprint=0805 Resistor
Change Physical Footprint: Designator=R52 Old Footprint=0805 Resistor New Footprint=0805 Resistor
Change Physical Footprint: Designator=R53 Old Footprint=0805 Resistor New Footprint=0805 Resistor
Change Physical Footprint: Designator=R54 Old Footprint=0805 Resistor New Footprint=0805 Resistor
Change Physical Footprint: Designator=R55 Old Footprint=0805 Resistor New Footprint=0805 Resistor
Change Physical Footprint: Designator=R56 Old Footprint=0805 Resistor New Footprint=0805 Resistor
Change Physical Footprint: Designator=R57 Old Footprint=0805 Resistor New Footprint=0805 Resistor
Change Physical Footprint: Designator=R58 Old Footprint=0805 Resistor New Footprint=0805 Resistor
Change Physical Footprint: Designator=R59 Old Footprint=0805 Resistor New Footprint=0805 Resistor
Change Physical Footprint: Designator=R60 Old Footprint=0805 Resistor New Footprint=0805 Resistor
Change Physical Footprint: Designator=R61 Old Footprint=0805 Resistor New Footprint=0805 Resistor
Change Physical Footprint: Designator=R62 Old Footprint=0805 Resistor New Footprint=0805 Resistor
Change Physical Footprint: Designator=R63 Old Footprint=0805 Resistor New Footprint=0805 Resistor
Change Physical Footprint: Designator=R64 Old Footprint=0805 Resistor New Footprint=0805 Resistor
Change Physical Footprint: Designator=R65 Old Footprint=0805 Resistor New Footprint=0805 Resistor
Change Physical Footprint: Designator=R66 Old Footprint=0805 Resistor New Footprint=0805 Resistor
Change Physical Footprint: Designator=R67 Old Footprint=0805 Resistor New Footprint=0805 Resistor
Change Physical Footprint: Designator=R68 Old Footprint=0805 Resistor New Footprint=0805 Resistor
Change Physical Footprint: Designator=R69 Old Footprint=0805 Resistor New Footprint=0805 Resistor
Change Physical Footprint: Designator=R70 Old Footprint=0805 Resistor New Footprint=0805 Resistor
Change Physical Footprint: Designator=R71 Old Footprint=0805 Resistor New Footprint=0805 Resistor
Change Physical Footprint: Designator=R72 Old Footprint=0805 Resistor New Footprint=0805 Resistor
Change Physical Footprint: Designator=R73 Old Footprint=0805 Resistor New Footprint=0805 Resistor
Change Physical Footprint: Designator=R74 Old Footprint=0805 Resistor New Footprint=0805 Resistor
Change Physical Footprint: Designator=R75 Old Footprint=0805 Resistor New Footprint=0805 Resistor
Change Physical Footprint: Designator=R76 Old Footprint=0805 Resistor New Footprint=0805 Resistor
Change Physical Footprint: Designator=R77 Old Footprint=0805 Resistor New Footprint=0805 Resistor
Change Physical Footprint: Designator=R78 Old Footprint=0805 Resistor New Footprint=0805 Resistor
Change Physical Footprint: Designator=R79 Old Footprint=0805 Resistor New Footprint=0805 Resistor
Change Physical Footprint: Designator=R80 Old Footprint=0805 Resistor New Footprint=0805 Resistor
Change Physical Footprint: Designator=R81 Old Footprint=0805 Resistor New Footprint=0805 Resistor
Change Physical Footprint: Designator=R82 Old Footprint=0805 Resistor New Footprint=0805 Resistor
Change Physical Footprint: Designator=R83 Old Footprint=0805 Resistor New Footprint=0805 Resistor
Change Physical Footprint: Designator=R84 Old Footprint=0805 Resistor New Footprint=0805 Resistor
Change Physical Footprint: Designator=R85 Old Footprint=0805 Resistor New Footprint=0805 Resistor
Change Physical Footprint: Designator=R86 Old Footprint=0805 Resistor New Footprint=0805 Resistor
Change Physical Footprint: Designator=R87 Old Footprint=0805 Resistor New Footprint=0805 Resistor
Change Physical Footprint: Designator=R88 Old Footprint=0805 Resistor New Footprint=0805 Resistor
Change Physical Footprint: Designator=U1 Old Footprint=74HC595 New Footprint=74HC595
Change Physical Footprint: Designator=U2 Old Footprint=74HC595 New Footprint=74HC595
Change Physical Footprint: Designator=U3 Old Footprint=74HC595 New Footprint=74HC595
Change Physical Footprint: Designator=U4 Old Footprint=74HC595 New Footprint=74HC595
Change Physical Footprint: Designator=U5 Old Footprint=74HC595 New Footprint=74HC595
Change Physical Footprint: Designator=U6 Old Footprint=74HC595 New Footprint=74HC595
Change Physical Footprint: Designator=U7 Old Footprint=74HC595 New Footprint=74HC595
Change Physical Footprint: Designator=U8 Old Footprint=74HC595 New Footprint=74HC595
Change Physical Footprint: Designator=U9 Old Footprint=74HC595 New Footprint=74HC595
Change Physical Footprint: Designator=U10 Old Footprint=74HC595 New Footprint=74HC595
Change Physical Footprint: Designator=ZD1 Old Footprint=Zener Diode New Footprint=Zener Diode
Change Physical Footprint: Designator=ZD2 Old Footprint=Zener Diode New Footprint=Zener Diode
Change Physical Footprint: Designator=ZD3 Old Footprint=Zener Diode New Footprint=Zener Diode
Change Physical Footprint: Designator=ZD4 Old Footprint=Zener Diode New Footprint=Zener Diode
