Removed Pin From Net: NetName=VCC Pin=P2-1
Removed Pin From Net: NetName=A Pin=P2-2
Removed Pin From Net: NetName=B Pin=P2-3
Removed Pin From Net: NetName=C Pin=P2-4
Removed Pin From Net: NetName=D Pin=P2-5
Removed Pin From Net: NetName=EN Pin=P2-6
Removed Pin From Net: NetName=DS Pin=P2-7
Removed Pin From Net: NetName=STCP Pin=P2-8
Removed Pin From Net: NetName=SHCP Pin=P2-9
Removed Pin From Net: NetName=RESET Pin=P2-10
Removed Pin From Net: NetName=GND Pin=P2-11
Removed Member From Class: ClassName=Schematic Member=P2
Added Component: Designator=P?(HDR1X12)
Add component. Clean all parameters for all variants
Add component (AddParameter): Name = "LatestRevisionDate"; Value = "17-Jul-2002"; VariantName = "[No Variations]"
Add component (AddParameter): Name = "LatestRevisionNote"; Value = "Re-released for DXP Platform."; VariantName = "[No Variations]"
Add component (AddParameter): Name = "Publisher"; Value = "Altium Limited"; VariantName = "[No Variations]"
Added Pin To Net: NetName=VCC Pin=P?-1
Added Pin To Net: NetName=A Pin=P?-2
Added Pin To Net: NetName=B Pin=P?-3
Added Pin To Net: NetName=C Pin=P?-4
Added Pin To Net: NetName=D Pin=P?-5
Added Pin To Net: NetName=E Pin=P?-6
Added Pin To Net: NetName=EN Pin=P?-7
Added Pin To Net: NetName=DS Pin=P?-8
Added Pin To Net: NetName=STCP Pin=P?-9
Added Pin To Net: NetName=SHCP Pin=P?-10
Added Pin To Net: NetName=RESET Pin=P?-11
Added Pin To Net: NetName=GND Pin=P?-12
Added Member To Class: ClassName=Schematic Member=Component P? Header 12
Added Room: Name=Schematic
