Added Component: Designator=D1(Dual Mosfet)
Add component. Clean all parameters for all variants
Added Component: Designator=D2(0805 LED)
Add component. Clean all parameters for all variants
Added Component: Designator=D3(Dual Mosfet)
Add component. Clean all parameters for all variants
Added Component: Designator=D4(0805 LED)
Add component. Clean all parameters for all variants
Added Component: Designator=D5(0805 LED)
Add component. Clean all parameters for all variants
Added Component: Designator=D6(Dual Mosfet)
Add component. Clean all parameters for all variants
Added Component: Designator=D7(0805 LED)
Add component. Clean all parameters for all variants
Added Component: Designator=D8(0805 LED)
Add component. Clean all parameters for all variants
Added Component: Designator=D9(Dual Mosfet)
Add component. Clean all parameters for all variants
Added Component: Designator=D10(0805 LED)
Add component. Clean all parameters for all variants
Added Component: Designator=D11(0805 LED)
Add component. Clean all parameters for all variants
Added Component: Designator=D12(0805 LED)
Add component. Clean all parameters for all variants
Added Component: Designator=D13(0805 LED)
Add component. Clean all parameters for all variants
Added Component: Designator=D14(0805 LED)
Add component. Clean all parameters for all variants
Added Component: Designator=D15(0805 LED)
Add component. Clean all parameters for all variants
Added Component: Designator=D16(0805 LED)
Add component. Clean all parameters for all variants
Added Component: Designator=D17(0805 LED)
Add component. Clean all parameters for all variants
Added Component: Designator=D18(0805 LED)
Add component. Clean all parameters for all variants
Added Component: Designator=D19(0805 LED)
Add component. Clean all parameters for all variants
Added Component: Designator=D20(0805 LED)
Add component. Clean all parameters for all variants
Added Component: Designator=D21(0805 LED)
Add component. Clean all parameters for all variants
Added Component: Designator=D22(0805 LED)
Add component. Clean all parameters for all variants
Added Component: Designator=D23(0805 LED)
Add component. Clean all parameters for all variants
Added Component: Designator=D24(0805 LED)
Add component. Clean all parameters for all variants
Added Component: Designator=D25(0805 LED)
Add component. Clean all parameters for all variants
Added Component: Designator=D26(0805 LED)
Add component. Clean all parameters for all variants
Added Component: Designator=D27(0805 LED)
Add component. Clean all parameters for all variants
Added Component: Designator=D28(0805 LED)
Add component. Clean all parameters for all variants
Added Component: Designator=D29(0805 LED)
Add component. Clean all parameters for all variants
Added Component: Designator=D30(0805 LED)
Add component. Clean all parameters for all variants
Added Component: Designator=D31(0805 LED)
Add component. Clean all parameters for all variants
Added Component: Designator=D32(0805 LED)
Add component. Clean all parameters for all variants
Added Component: Designator=D33(0805 LED)
Add component. Clean all parameters for all variants
Added Component: Designator=D34(0805 LED)
Add component. Clean all parameters for all variants
Added Component: Designator=D35(0805 LED)
Add component. Clean all parameters for all variants
Added Component: Designator=D36(0805 LED)
Add component. Clean all parameters for all variants
Added Component: Designator=D37(0805 LED)
Add component. Clean all parameters for all variants
Added Component: Designator=D38(0805 LED)
Add component. Clean all parameters for all variants
Added Component: Designator=D39(0805 LED)
Add component. Clean all parameters for all variants
Added Component: Designator=D40(0805 LED)
Add component. Clean all parameters for all variants
Added Component: Designator=D41(0805 LED)
Add component. Clean all parameters for all variants
Added Component: Designator=D42(0805 LED)
Add component. Clean all parameters for all variants
Added Component: Designator=D43(0805 LED)
Add component. Clean all parameters for all variants
Added Component: Designator=D44(0805 LED)
Add component. Clean all parameters for all variants
Added Component: Designator=D45(0805 LED)
Add component. Clean all parameters for all variants
Added Component: Designator=D46(0805 LED)
Add component. Clean all parameters for all variants
Added Component: Designator=D47(0805 LED)
Add component. Clean all parameters for all variants
Added Component: Designator=D48(0805 LED)
Add component. Clean all parameters for all variants
Added Component: Designator=D49(0805 LED)
Add component. Clean all parameters for all variants
Added Component: Designator=D50(0805 LED)
Add component. Clean all parameters for all variants
Added Component: Designator=D51(0805 LED)
Add component. Clean all parameters for all variants
Added Component: Designator=D52(0805 LED)
Add component. Clean all parameters for all variants
Added Component: Designator=D53(0805 LED)
Add component. Clean all parameters for all variants
Added Component: Designator=D54(0805 LED)
Add component. Clean all parameters for all variants
Added Component: Designator=D55(0805 LED)
Add component. Clean all parameters for all variants
Added Component: Designator=D56(0805 LED)
Add component. Clean all parameters for all variants
Added Component: Designator=D57(0805 LED)
Add component. Clean all parameters for all variants
Added Component: Designator=D58(0805 LED)
Add component. Clean all parameters for all variants
Added Component: Designator=D59(0805 LED)
Add component. Clean all parameters for all variants
Added Component: Designator=D60(0805 LED)
Add component. Clean all parameters for all variants
Added Component: Designator=D61(0805 LED)
Add component. Clean all parameters for all variants
Added Component: Designator=D62(0805 LED)
Add component. Clean all parameters for all variants
Added Component: Designator=D63(0805 LED)
Add component. Clean all parameters for all variants
Added Component: Designator=D64(0805 LED)
Add component. Clean all parameters for all variants
Added Component: Designator=D65(0805 LED)
Add component. Clean all parameters for all variants
Added Component: Designator=D66(0805 LED)
Add component. Clean all parameters for all variants
Added Component: Designator=D67(0805 LED)
Add component. Clean all parameters for all variants
Added Component: Designator=D68(0805 LED)
Add component. Clean all parameters for all variants
Added Component: Designator=D69(0805 LED)
Add component. Clean all parameters for all variants
Added Component: Designator=D70(0805 LED)
Add component. Clean all parameters for all variants
Added Component: Designator=D71(0805 LED)
Add component. Clean all parameters for all variants
Added Component: Designator=D72(0805 LED)
Add component. Clean all parameters for all variants
Added Component: Designator=D73(0805 LED)
Add component. Clean all parameters for all variants
Added Component: Designator=D74(0805 LED)
Add component. Clean all parameters for all variants
Added Component: Designator=D75(0805 LED)
Add component. Clean all parameters for all variants
Added Component: Designator=D76(0805 LED)
Add component. Clean all parameters for all variants
Added Component: Designator=D77(0805 LED)
Add component. Clean all parameters for all variants
Added Component: Designator=D78(0805 LED)
Add component. Clean all parameters for all variants
Added Component: Designator=D79(0805 LED)
Add component. Clean all parameters for all variants
Added Component: Designator=D80(0805 LED)
Add component. Clean all parameters for all variants
Added Component: Designator=D81(0805 LED)
Add component. Clean all parameters for all variants
Added Component: Designator=D82(0805 LED)
Add component. Clean all parameters for all variants
Added Component: Designator=D83(0805 LED)
Add component. Clean all parameters for all variants
Added Component: Designator=D84(0805 LED)
Add component. Clean all parameters for all variants
Added Component: Designator=P1(HDR1X8)
Add component. Clean all parameters for all variants
Add component (AddParameter): Name = "LatestRevisionDate"; Value = "17-Jul-2002"; VariantName = "[No Variations]"
Add component (AddParameter): Name = "LatestRevisionNote"; Value = "Re-released for DXP Platform."; VariantName = "[No Variations]"
Add component (AddParameter): Name = "Publisher"; Value = "Altium Limited"; VariantName = "[No Variations]"
Added Component: Designator=P2(HDR1X11)
Add component. Clean all parameters for all variants
Add component (AddParameter): Name = "LatestRevisionDate"; Value = "17-Jul-2002"; VariantName = "[No Variations]"
Add component (AddParameter): Name = "LatestRevisionNote"; Value = "Re-released for DXP Platform."; VariantName = "[No Variations]"
Add component (AddParameter): Name = "Publisher"; Value = "Altium Limited"; VariantName = "[No Variations]"
Added Component: Designator=R1(0805 Resistor)
Add component. Clean all parameters for all variants
Added Component: Designator=R2(0805 Resistor)
Add component. Clean all parameters for all variants
Added Component: Designator=R3(0805 Resistor)
Add component. Clean all parameters for all variants
Added Component: Designator=R4(0805 Resistor)
Add component. Clean all parameters for all variants
Added Component: Designator=R5(0805 Resistor)
Add component. Clean all parameters for all variants
Added Component: Designator=R6(0805 Resistor)
Add component. Clean all parameters for all variants
Added Component: Designator=R7(0805 Resistor)
Add component. Clean all parameters for all variants
Added Component: Designator=R8(0805 Resistor)
Add component. Clean all parameters for all variants
Added Component: Designator=R9(0805 Resistor)
Add component. Clean all parameters for all variants
Added Component: Designator=R10(0805 Resistor)
Add component. Clean all parameters for all variants
Added Component: Designator=R11(0805 Resistor)
Add component. Clean all parameters for all variants
Added Component: Designator=R12(0805 Resistor)
Add component. Clean all parameters for all variants
Added Component: Designator=R13(0805 Resistor)
Add component. Clean all parameters for all variants
Added Component: Designator=R14(0805 Resistor)
Add component. Clean all parameters for all variants
Added Component: Designator=R15(0805 Resistor)
Add component. Clean all parameters for all variants
Added Component: Designator=R16(0805 Resistor)
Add component. Clean all parameters for all variants
Added Component: Designator=R17(0805 Resistor)
Add component. Clean all parameters for all variants
Added Component: Designator=R18(0805 Resistor)
Add component. Clean all parameters for all variants
Added Component: Designator=R19(0805 Resistor)
Add component. Clean all parameters for all variants
Added Component: Designator=R20(0805 Resistor)
Add component. Clean all parameters for all variants
Added Component: Designator=R21(0805 Resistor)
Add component. Clean all parameters for all variants
Added Component: Designator=R22(0805 Resistor)
Add component. Clean all parameters for all variants
Added Component: Designator=R23(0805 Resistor)
Add component. Clean all parameters for all variants
Added Component: Designator=R24(0805 Resistor)
Add component. Clean all parameters for all variants
Added Component: Designator=R25(0805 Resistor)
Add component. Clean all parameters for all variants
Added Component: Designator=R26(0805 Resistor)
Add component. Clean all parameters for all variants
Added Component: Designator=R27(0805 Resistor)
Add component. Clean all parameters for all variants
Added Component: Designator=R28(0805 Resistor)
Add component. Clean all parameters for all variants
Added Component: Designator=R29(0805 Resistor)
Add component. Clean all parameters for all variants
Added Component: Designator=R30(0805 Resistor)
Add component. Clean all parameters for all variants
Added Component: Designator=R31(0805 Resistor)
Add component. Clean all parameters for all variants
Added Component: Designator=R32(0805 Resistor)
Add component. Clean all parameters for all variants
Added Component: Designator=R33(0805 Resistor)
Add component. Clean all parameters for all variants
Added Component: Designator=R34(0805 Resistor)
Add component. Clean all parameters for all variants
Added Component: Designator=R35(0805 Resistor)
Add component. Clean all parameters for all variants
Added Component: Designator=R36(0805 Resistor)
Add component. Clean all parameters for all variants
Added Component: Designator=R37(0805 Resistor)
Add component. Clean all parameters for all variants
Added Component: Designator=R38(0805 Resistor)
Add component. Clean all parameters for all variants
Added Component: Designator=R39(0805 Resistor)
Add component. Clean all parameters for all variants
Added Component: Designator=R40(0805 Resistor)
Add component. Clean all parameters for all variants
Added Component: Designator=R41(0805 Resistor)
Add component. Clean all parameters for all variants
Added Component: Designator=R42(0805 Resistor)
Add component. Clean all parameters for all variants
Added Component: Designator=R43(0805 Resistor)
Add component. Clean all parameters for all variants
Added Component: Designator=R44(0805 Resistor)
Add component. Clean all parameters for all variants
Added Component: Designator=R45(0805 Resistor)
Add component. Clean all parameters for all variants
Added Component: Designator=R46(0805 Resistor)
Add component. Clean all parameters for all variants
Added Component: Designator=R47(0805 Resistor)
Add component. Clean all parameters for all variants
Added Component: Designator=R48(0805 Resistor)
Add component. Clean all parameters for all variants
Added Component: Designator=R49(0805 Resistor)
Add component. Clean all parameters for all variants
Added Component: Designator=R50(0805 Resistor)
Add component. Clean all parameters for all variants
Added Component: Designator=R51(0805 Resistor)
Add component. Clean all parameters for all variants
Added Component: Designator=R52(0805 Resistor)
Add component. Clean all parameters for all variants
Added Component: Designator=R53(0805 Resistor)
Add component. Clean all parameters for all variants
Added Component: Designator=R54(0805 Resistor)
Add component. Clean all parameters for all variants
Added Component: Designator=R55(0805 Resistor)
Add component. Clean all parameters for all variants
Added Component: Designator=R56(0805 Resistor)
Add component. Clean all parameters for all variants
Added Component: Designator=R57(0805 Resistor)
Add component. Clean all parameters for all variants
Added Component: Designator=R58(0805 Resistor)
Add component. Clean all parameters for all variants
Added Component: Designator=R59(0805 Resistor)
Add component. Clean all parameters for all variants
Added Component: Designator=R60(0805 Resistor)
Add component. Clean all parameters for all variants
Added Component: Designator=R61(0805 Resistor)
Add component. Clean all parameters for all variants
Added Component: Designator=R62(0805 Resistor)
Add component. Clean all parameters for all variants
Added Component: Designator=R63(0805 Resistor)
Add component. Clean all parameters for all variants
Added Component: Designator=R64(0805 Resistor)
Add component. Clean all parameters for all variants
Added Component: Designator=R65(0805 Resistor)
Add component. Clean all parameters for all variants
Added Component: Designator=R66(0805 Resistor)
Add component. Clean all parameters for all variants
Added Component: Designator=R67(0805 Resistor)
Add component. Clean all parameters for all variants
Added Component: Designator=R68(0805 Resistor)
Add component. Clean all parameters for all variants
Added Component: Designator=R69(0805 Resistor)
Add component. Clean all parameters for all variants
Added Component: Designator=R70(0805 Resistor)
Add component. Clean all parameters for all variants
Added Component: Designator=R71(0805 Resistor)
Add component. Clean all parameters for all variants
Added Component: Designator=R72(0805 Resistor)
Add component. Clean all parameters for all variants
Added Component: Designator=R73(0805 Resistor)
Add component. Clean all parameters for all variants
Added Component: Designator=R74(0805 Resistor)
Add component. Clean all parameters for all variants
Added Component: Designator=R75(0805 Resistor)
Add component. Clean all parameters for all variants
Added Component: Designator=R76(0805 Resistor)
Add component. Clean all parameters for all variants
Added Component: Designator=R77(0805 Resistor)
Add component. Clean all parameters for all variants
Added Component: Designator=R78(0805 Resistor)
Add component. Clean all parameters for all variants
Added Component: Designator=R79(0805 Resistor)
Add component. Clean all parameters for all variants
Added Component: Designator=R80(0805 Resistor)
Add component. Clean all parameters for all variants
Added Component: Designator=R81(0805 Resistor)
Add component. Clean all parameters for all variants
Added Component: Designator=R82(0805 Resistor)
Add component. Clean all parameters for all variants
Added Component: Designator=R83(0805 Resistor)
Add component. Clean all parameters for all variants
Added Component: Designator=R84(0805 Resistor)
Add component. Clean all parameters for all variants
Added Component: Designator=R85(0805 Resistor)
Add component. Clean all parameters for all variants
Added Component: Designator=R86(0805 Resistor)
Add component. Clean all parameters for all variants
Added Component: Designator=R87(0805 Resistor)
Add component. Clean all parameters for all variants
Added Component: Designator=R88(0805 Resistor)
Add component. Clean all parameters for all variants
Added Component: Designator=U1(74HC595)
Add component. Clean all parameters for all variants
Added Component: Designator=U2(74HC595)
Add component. Clean all parameters for all variants
Added Component: Designator=U3(74HC595)
Add component. Clean all parameters for all variants
Added Component: Designator=U4(74HC595)
Add component. Clean all parameters for all variants
Added Component: Designator=U5(74HC595)
Add component. Clean all parameters for all variants
Added Component: Designator=U6(74HC595)
Add component. Clean all parameters for all variants
Added Component: Designator=U7(74HC595)
Add component. Clean all parameters for all variants
Added Component: Designator=U8(74HC595)
Add component. Clean all parameters for all variants
Added Component: Designator=U9(74HC595)
Add component. Clean all parameters for all variants
Added Component: Designator=U10(74HC595)
Add component. Clean all parameters for all variants
Added Pin To Net: NetName=A Pin=P2-2
Added Pin To Net: NetName=A Pin=U1-1
Added Pin To Net: NetName=A Pin=U3-1
Added Pin To Net: NetName=A Pin=U4-1
Added Net: Name=A
Added Pin To Net: NetName=B Pin=P2-3
Added Pin To Net: NetName=B Pin=U1-2
Added Pin To Net: NetName=B Pin=U3-2
Added Pin To Net: NetName=B Pin=U4-2
Added Net: Name=B
Added Pin To Net: NetName=C Pin=P2-4
Added Pin To Net: NetName=C Pin=U1-3
Added Pin To Net: NetName=C Pin=U3-3
Added Pin To Net: NetName=C Pin=U4-3
Added Net: Name=C
Added Pin To Net: NetName=DS Pin=P2-7
Added Pin To Net: NetName=DS Pin=U6-14
Added Net: Name=DS
Added Pin To Net: NetName=D Pin=P2-5
Added Pin To Net: NetName=D Pin=U2-1
Added Net: Name=D
Added Pin To Net: NetName=EN Pin=P2-6
Added Pin To Net: NetName=EN Pin=U1-5
Added Pin To Net: NetName=EN Pin=U2-5
Added Pin To Net: NetName=EN Pin=U3-5
Added Pin To Net: NetName=EN Pin=U4-5
Added Net: Name=EN
Added Pin To Net: NetName=E Pin=U2-2
Added Net: Name=E
Added Pin To Net: NetName=GND Pin=D2-1
Added Pin To Net: NetName=GND Pin=D4-1
Added Pin To Net: NetName=GND Pin=D5-1
Added Pin To Net: NetName=GND Pin=D7-1
Added Pin To Net: NetName=GND Pin=D8-1
Added Pin To Net: NetName=GND Pin=D10-1
Added Pin To Net: NetName=GND Pin=D11-1
Added Pin To Net: NetName=GND Pin=D12-1
Added Pin To Net: NetName=GND Pin=D13-1
Added Pin To Net: NetName=GND Pin=D14-1
Added Pin To Net: NetName=GND Pin=D15-1
Added Pin To Net: NetName=GND Pin=D16-1
Added Pin To Net: NetName=GND Pin=D17-1
Added Pin To Net: NetName=GND Pin=D18-1
Added Pin To Net: NetName=GND Pin=D19-1
Added Pin To Net: NetName=GND Pin=D20-1
Added Pin To Net: NetName=GND Pin=D21-1
Added Pin To Net: NetName=GND Pin=D22-1
Added Pin To Net: NetName=GND Pin=D23-1
Added Pin To Net: NetName=GND Pin=D24-1
Added Pin To Net: NetName=GND Pin=D25-1
Added Pin To Net: NetName=GND Pin=D26-1
Added Pin To Net: NetName=GND Pin=D27-1
Added Pin To Net: NetName=GND Pin=D28-1
Added Pin To Net: NetName=GND Pin=D29-1
Added Pin To Net: NetName=GND Pin=D30-1
Added Pin To Net: NetName=GND Pin=D31-1
Added Pin To Net: NetName=GND Pin=D32-1
Added Pin To Net: NetName=GND Pin=D33-1
Added Pin To Net: NetName=GND Pin=D34-1
Added Pin To Net: NetName=GND Pin=D35-1
Added Pin To Net: NetName=GND Pin=D36-1
Added Pin To Net: NetName=GND Pin=D37-1
Added Pin To Net: NetName=GND Pin=D38-1
Added Pin To Net: NetName=GND Pin=D39-1
Added Pin To Net: NetName=GND Pin=D40-1
Added Pin To Net: NetName=GND Pin=D41-1
Added Pin To Net: NetName=GND Pin=D42-1
Added Pin To Net: NetName=GND Pin=D43-1
Added Pin To Net: NetName=GND Pin=D44-1
Added Pin To Net: NetName=GND Pin=D45-1
Added Pin To Net: NetName=GND Pin=D46-1
Added Pin To Net: NetName=GND Pin=D47-1
Added Pin To Net: NetName=GND Pin=D48-1
Added Pin To Net: NetName=GND Pin=D49-1
Added Pin To Net: NetName=GND Pin=D50-1
Added Pin To Net: NetName=GND Pin=D51-1
Added Pin To Net: NetName=GND Pin=D52-1
Added Pin To Net: NetName=GND Pin=D53-1
Added Pin To Net: NetName=GND Pin=D54-1
Added Pin To Net: NetName=GND Pin=D55-1
Added Pin To Net: NetName=GND Pin=D56-1
Added Pin To Net: NetName=GND Pin=D57-1
Added Pin To Net: NetName=GND Pin=D58-1
Added Pin To Net: NetName=GND Pin=D59-1
Added Pin To Net: NetName=GND Pin=D60-1
Added Pin To Net: NetName=GND Pin=D61-1
Added Pin To Net: NetName=GND Pin=D62-1
Added Pin To Net: NetName=GND Pin=D63-1
Added Pin To Net: NetName=GND Pin=D64-1
Added Pin To Net: NetName=GND Pin=D65-1
Added Pin To Net: NetName=GND Pin=D66-1
Added Pin To Net: NetName=GND Pin=D67-1
Added Pin To Net: NetName=GND Pin=D68-1
Added Pin To Net: NetName=GND Pin=D69-1
Added Pin To Net: NetName=GND Pin=D70-1
Added Pin To Net: NetName=GND Pin=D71-1
Added Pin To Net: NetName=GND Pin=D72-1
Added Pin To Net: NetName=GND Pin=D73-1
Added Pin To Net: NetName=GND Pin=D74-1
Added Pin To Net: NetName=GND Pin=D75-1
Added Pin To Net: NetName=GND Pin=D76-1
Added Pin To Net: NetName=GND Pin=D77-1
Added Pin To Net: NetName=GND Pin=D78-1
Added Pin To Net: NetName=GND Pin=D79-1
Added Pin To Net: NetName=GND Pin=D80-1
Added Pin To Net: NetName=GND Pin=D81-1
Added Pin To Net: NetName=GND Pin=D82-1
Added Pin To Net: NetName=GND Pin=D83-1
Added Pin To Net: NetName=GND Pin=D84-1
Added Pin To Net: NetName=GND Pin=P2-11
Added Pin To Net: NetName=GND Pin=U1-8
Added Pin To Net: NetName=GND Pin=U1-17
Added Pin To Net: NetName=GND Pin=U2-3
Added Pin To Net: NetName=GND Pin=U2-4
Added Pin To Net: NetName=GND Pin=U2-8
Added Pin To Net: NetName=GND Pin=U2-17
Added Pin To Net: NetName=GND Pin=U3-8
Added Pin To Net: NetName=GND Pin=U3-17
Added Pin To Net: NetName=GND Pin=U4-8
Added Pin To Net: NetName=GND Pin=U4-17
Added Pin To Net: NetName=GND Pin=U5-8
Added Pin To Net: NetName=GND Pin=U5-13
Added Pin To Net: NetName=GND Pin=U5-17
Added Pin To Net: NetName=GND Pin=U6-8
Added Pin To Net: NetName=GND Pin=U6-13
Added Pin To Net: NetName=GND Pin=U6-17
Added Pin To Net: NetName=GND Pin=U7-8
Added Pin To Net: NetName=GND Pin=U7-13
Added Pin To Net: NetName=GND Pin=U7-17
Added Pin To Net: NetName=GND Pin=U8-8
Added Pin To Net: NetName=GND Pin=U8-13
Added Pin To Net: NetName=GND Pin=U8-17
Added Pin To Net: NetName=GND Pin=U9-13
Added Pin To Net: NetName=GND Pin=U10-13
Added Net: Name=GND
Added Pin To Net: NetName=NetD2_2 Pin=D2-2
Added Pin To Net: NetName=NetD2_2 Pin=R3-1
Added Net: Name=NetD2_2
Added Pin To Net: NetName=NetD4_2 Pin=D4-2
Added Pin To Net: NetName=NetD4_2 Pin=R5-1
Added Net: Name=NetD4_2
Added Pin To Net: NetName=NetD5_2 Pin=D5-2
Added Pin To Net: NetName=NetD5_2 Pin=R7-1
Added Net: Name=NetD5_2
Added Pin To Net: NetName=NetD7_2 Pin=D7-2
Added Pin To Net: NetName=NetD7_2 Pin=R9-1
Added Net: Name=NetD7_2
Added Pin To Net: NetName=NetD8_2 Pin=D8-2
Added Pin To Net: NetName=NetD8_2 Pin=R11-1
Added Net: Name=NetD8_2
Added Pin To Net: NetName=NetD10_2 Pin=D10-2
Added Pin To Net: NetName=NetD10_2 Pin=R13-1
Added Net: Name=NetD10_2
Added Pin To Net: NetName=NetD11_2 Pin=D11-2
Added Pin To Net: NetName=NetD11_2 Pin=R15-1
Added Net: Name=NetD11_2
Added Pin To Net: NetName=NetD12_2 Pin=D12-2
Added Pin To Net: NetName=NetD12_2 Pin=R16-1
Added Net: Name=NetD12_2
Added Pin To Net: NetName=NetD13_2 Pin=D13-2
Added Pin To Net: NetName=NetD13_2 Pin=R17-1
Added Net: Name=NetD13_2
Added Pin To Net: NetName=NetD14_2 Pin=D14-2
Added Pin To Net: NetName=NetD14_2 Pin=R18-1
Added Net: Name=NetD14_2
Added Pin To Net: NetName=NetD15_2 Pin=D15-2
Added Pin To Net: NetName=NetD15_2 Pin=R19-1
Added Net: Name=NetD15_2
Added Pin To Net: NetName=NetD16_2 Pin=D16-2
Added Pin To Net: NetName=NetD16_2 Pin=R20-1
Added Net: Name=NetD16_2
Added Pin To Net: NetName=NetD17_2 Pin=D17-2
Added Pin To Net: NetName=NetD17_2 Pin=R21-1
Added Net: Name=NetD17_2
Added Pin To Net: NetName=NetD18_2 Pin=D18-2
Added Pin To Net: NetName=NetD18_2 Pin=R22-1
Added Net: Name=NetD18_2
Added Pin To Net: NetName=NetD19_2 Pin=D19-2
Added Pin To Net: NetName=NetD19_2 Pin=R23-1
Added Net: Name=NetD19_2
Added Pin To Net: NetName=NetD20_2 Pin=D20-2
Added Pin To Net: NetName=NetD20_2 Pin=R24-1
Added Net: Name=NetD20_2
Added Pin To Net: NetName=NetD21_2 Pin=D21-2
Added Pin To Net: NetName=NetD21_2 Pin=R25-1
Added Net: Name=NetD21_2
Added Pin To Net: NetName=NetD22_2 Pin=D22-2
Added Pin To Net: NetName=NetD22_2 Pin=R26-1
Added Net: Name=NetD22_2
Added Pin To Net: NetName=NetD23_2 Pin=D23-2
Added Pin To Net: NetName=NetD23_2 Pin=R27-1
Added Net: Name=NetD23_2
Added Pin To Net: NetName=NetD24_2 Pin=D24-2
Added Pin To Net: NetName=NetD24_2 Pin=R28-1
Added Net: Name=NetD24_2
Added Pin To Net: NetName=NetD25_2 Pin=D25-2
Added Pin To Net: NetName=NetD25_2 Pin=R29-1
Added Net: Name=NetD25_2
Added Pin To Net: NetName=NetD26_2 Pin=D26-2
Added Pin To Net: NetName=NetD26_2 Pin=R30-1
Added Net: Name=NetD26_2
Added Pin To Net: NetName=NetD27_2 Pin=D27-2
Added Pin To Net: NetName=NetD27_2 Pin=R31-1
Added Net: Name=NetD27_2
Added Pin To Net: NetName=NetD28_2 Pin=D28-2
Added Pin To Net: NetName=NetD28_2 Pin=R32-1
Added Net: Name=NetD28_2
Added Pin To Net: NetName=NetD29_2 Pin=D29-2
Added Pin To Net: NetName=NetD29_2 Pin=R33-1
Added Net: Name=NetD29_2
Added Pin To Net: NetName=NetD30_2 Pin=D30-2
Added Pin To Net: NetName=NetD30_2 Pin=R34-1
Added Net: Name=NetD30_2
Added Pin To Net: NetName=NetD31_2 Pin=D31-2
Added Pin To Net: NetName=NetD31_2 Pin=R35-1
Added Net: Name=NetD31_2
Added Pin To Net: NetName=NetD32_2 Pin=D32-2
Added Pin To Net: NetName=NetD32_2 Pin=R36-1
Added Net: Name=NetD32_2
Added Pin To Net: NetName=NetD33_2 Pin=D33-2
Added Pin To Net: NetName=NetD33_2 Pin=R37-1
Added Net: Name=NetD33_2
Added Pin To Net: NetName=NetD34_2 Pin=D34-2
Added Pin To Net: NetName=NetD34_2 Pin=R38-1
Added Net: Name=NetD34_2
Added Pin To Net: NetName=NetD35_2 Pin=D35-2
Added Pin To Net: NetName=NetD35_2 Pin=R39-1
Added Net: Name=NetD35_2
Added Pin To Net: NetName=NetD36_2 Pin=D36-2
Added Pin To Net: NetName=NetD36_2 Pin=R40-1
Added Net: Name=NetD36_2
Added Pin To Net: NetName=NetD37_2 Pin=D37-2
Added Pin To Net: NetName=NetD37_2 Pin=R41-1
Added Net: Name=NetD37_2
Added Pin To Net: NetName=NetD38_2 Pin=D38-2
Added Pin To Net: NetName=NetD38_2 Pin=R42-1
Added Net: Name=NetD38_2
Added Pin To Net: NetName=NetD39_2 Pin=D39-2
Added Pin To Net: NetName=NetD39_2 Pin=R43-1
Added Net: Name=NetD39_2
Added Pin To Net: NetName=NetD40_2 Pin=D40-2
Added Pin To Net: NetName=NetD40_2 Pin=R44-1
Added Net: Name=NetD40_2
Added Pin To Net: NetName=NetD41_2 Pin=D41-2
Added Pin To Net: NetName=NetD41_2 Pin=R45-1
Added Net: Name=NetD41_2
Added Pin To Net: NetName=NetD42_2 Pin=D42-2
Added Pin To Net: NetName=NetD42_2 Pin=R46-1
Added Net: Name=NetD42_2
Added Pin To Net: NetName=NetD43_2 Pin=D43-2
Added Pin To Net: NetName=NetD43_2 Pin=R47-1
Added Net: Name=NetD43_2
Added Pin To Net: NetName=NetD44_2 Pin=D44-2
Added Pin To Net: NetName=NetD44_2 Pin=R48-1
Added Net: Name=NetD44_2
Added Pin To Net: NetName=NetD45_2 Pin=D45-2
Added Pin To Net: NetName=NetD45_2 Pin=R49-1
Added Net: Name=NetD45_2
Added Pin To Net: NetName=NetD46_2 Pin=D46-2
Added Pin To Net: NetName=NetD46_2 Pin=R50-1
Added Net: Name=NetD46_2
Added Pin To Net: NetName=NetD47_2 Pin=D47-2
Added Pin To Net: NetName=NetD47_2 Pin=R51-1
Added Net: Name=NetD47_2
Added Pin To Net: NetName=NetD48_2 Pin=D48-2
Added Pin To Net: NetName=NetD48_2 Pin=R52-1
Added Net: Name=NetD48_2
Added Pin To Net: NetName=NetD49_2 Pin=D49-2
Added Pin To Net: NetName=NetD49_2 Pin=R53-1
Added Net: Name=NetD49_2
Added Pin To Net: NetName=NetD50_2 Pin=D50-2
Added Pin To Net: NetName=NetD50_2 Pin=R54-1
Added Net: Name=NetD50_2
Added Pin To Net: NetName=NetD51_2 Pin=D51-2
Added Pin To Net: NetName=NetD51_2 Pin=R55-1
Added Net: Name=NetD51_2
Added Pin To Net: NetName=NetD52_2 Pin=D52-2
Added Pin To Net: NetName=NetD52_2 Pin=R56-1
Added Net: Name=NetD52_2
Added Pin To Net: NetName=NetD53_2 Pin=D53-2
Added Pin To Net: NetName=NetD53_2 Pin=R57-1
Added Net: Name=NetD53_2
Added Pin To Net: NetName=NetD54_2 Pin=D54-2
Added Pin To Net: NetName=NetD54_2 Pin=R58-1
Added Net: Name=NetD54_2
Added Pin To Net: NetName=NetD55_2 Pin=D55-2
Added Pin To Net: NetName=NetD55_2 Pin=R59-1
Added Net: Name=NetD55_2
Added Pin To Net: NetName=NetD56_2 Pin=D56-2
Added Pin To Net: NetName=NetD56_2 Pin=R60-1
Added Net: Name=NetD56_2
Added Pin To Net: NetName=NetD57_2 Pin=D57-2
Added Pin To Net: NetName=NetD57_2 Pin=R61-1
Added Net: Name=NetD57_2
Added Pin To Net: NetName=NetD58_2 Pin=D58-2
Added Pin To Net: NetName=NetD58_2 Pin=R62-1
Added Net: Name=NetD58_2
Added Pin To Net: NetName=NetD59_2 Pin=D59-2
Added Pin To Net: NetName=NetD59_2 Pin=R63-1
Added Net: Name=NetD59_2
Added Pin To Net: NetName=NetD60_2 Pin=D60-2
Added Pin To Net: NetName=NetD60_2 Pin=R64-1
Added Net: Name=NetD60_2
Added Pin To Net: NetName=NetD61_2 Pin=D61-2
Added Pin To Net: NetName=NetD61_2 Pin=R65-1
Added Net: Name=NetD61_2
Added Pin To Net: NetName=NetD62_2 Pin=D62-2
Added Pin To Net: NetName=NetD62_2 Pin=R66-1
Added Net: Name=NetD62_2
Added Pin To Net: NetName=NetD63_2 Pin=D63-2
Added Pin To Net: NetName=NetD63_2 Pin=R67-1
Added Net: Name=NetD63_2
Added Pin To Net: NetName=NetD64_2 Pin=D64-2
Added Pin To Net: NetName=NetD64_2 Pin=R68-1
Added Net: Name=NetD64_2
Added Pin To Net: NetName=NetD65_2 Pin=D65-2
Added Pin To Net: NetName=NetD65_2 Pin=R69-1
Added Net: Name=NetD65_2
Added Pin To Net: NetName=NetD66_2 Pin=D66-2
Added Pin To Net: NetName=NetD66_2 Pin=R70-1
Added Net: Name=NetD66_2
Added Pin To Net: NetName=NetD67_2 Pin=D67-2
Added Pin To Net: NetName=NetD67_2 Pin=R71-1
Added Net: Name=NetD67_2
Added Pin To Net: NetName=NetD68_2 Pin=D68-2
Added Pin To Net: NetName=NetD68_2 Pin=R72-1
Added Net: Name=NetD68_2
Added Pin To Net: NetName=NetD69_2 Pin=D69-2
Added Pin To Net: NetName=NetD69_2 Pin=R73-1
Added Net: Name=NetD69_2
Added Pin To Net: NetName=NetD70_2 Pin=D70-2
Added Pin To Net: NetName=NetD70_2 Pin=R74-1
Added Net: Name=NetD70_2
Added Pin To Net: NetName=NetD71_2 Pin=D71-2
Added Pin To Net: NetName=NetD71_2 Pin=R75-1
Added Net: Name=NetD71_2
Added Pin To Net: NetName=NetD72_2 Pin=D72-2
Added Pin To Net: NetName=NetD72_2 Pin=R76-1
Added Net: Name=NetD72_2
Added Pin To Net: NetName=NetD73_2 Pin=D73-2
Added Pin To Net: NetName=NetD73_2 Pin=R77-1
Added Net: Name=NetD73_2
Added Pin To Net: NetName=NetD74_2 Pin=D74-2
Added Pin To Net: NetName=NetD74_2 Pin=R78-1
Added Net: Name=NetD74_2
Added Pin To Net: NetName=NetD75_2 Pin=D75-2
Added Pin To Net: NetName=NetD75_2 Pin=R79-1
Added Net: Name=NetD75_2
Added Pin To Net: NetName=NetD76_2 Pin=D76-2
Added Pin To Net: NetName=NetD76_2 Pin=R80-1
Added Net: Name=NetD76_2
Added Pin To Net: NetName=NetD77_2 Pin=D77-2
Added Pin To Net: NetName=NetD77_2 Pin=R81-1
Added Net: Name=NetD77_2
Added Pin To Net: NetName=NetD78_2 Pin=D78-2
Added Pin To Net: NetName=NetD78_2 Pin=R82-1
Added Net: Name=NetD78_2
Added Pin To Net: NetName=NetD79_2 Pin=D79-2
Added Pin To Net: NetName=NetD79_2 Pin=R83-1
Added Net: Name=NetD79_2
Added Pin To Net: NetName=NetD80_2 Pin=D80-2
Added Pin To Net: NetName=NetD80_2 Pin=R84-1
Added Net: Name=NetD80_2
Added Pin To Net: NetName=NetD81_2 Pin=D81-2
Added Pin To Net: NetName=NetD81_2 Pin=R85-1
Added Net: Name=NetD81_2
Added Pin To Net: NetName=NetD82_2 Pin=D82-2
Added Pin To Net: NetName=NetD82_2 Pin=R86-1
Added Net: Name=NetD82_2
Added Pin To Net: NetName=NetD83_2 Pin=D83-2
Added Pin To Net: NetName=NetD83_2 Pin=R87-1
Added Net: Name=NetD83_2
Added Pin To Net: NetName=NetD84_2 Pin=D84-2
Added Pin To Net: NetName=NetD84_2 Pin=R88-1
Added Net: Name=NetD84_2
Added Pin To Net: NetName=NetR1_2 Pin=R1-2
Added Pin To Net: NetName=NetR1_2 Pin=R2-2
Added Net: Name=NetR1_2
Added Pin To Net: NetName=NetR4_2 Pin=R4-2
Added Pin To Net: NetName=NetR4_2 Pin=R6-2
Added Net: Name=NetR4_2
Added Pin To Net: NetName=NetR8_2 Pin=R8-2
Added Pin To Net: NetName=NetR8_2 Pin=R10-2
Added Net: Name=NetR8_2
Added Pin To Net: NetName=NetR12_2 Pin=R12-2
Added Pin To Net: NetName=NetR12_2 Pin=R14-2
Added Net: Name=NetR12_2
Added Pin To Net: NetName=OUT1-8 Pin=U1-4
Added Pin To Net: NetName=OUT1-8 Pin=U2-15
Added Net: Name=OUT1-8
Added Pin To Net: NetName=OUT1 Pin=R17-2
Added Pin To Net: NetName=OUT1 Pin=U1-15
Added Net: Name=OUT1
Added Pin To Net: NetName=OUT2 Pin=R21-2
Added Pin To Net: NetName=OUT2 Pin=U1-14
Added Net: Name=OUT2
Added Pin To Net: NetName=OUT3 Pin=D3-4
Added Pin To Net: NetName=OUT3 Pin=R25-2
Added Pin To Net: NetName=OUT3 Pin=U1-13
Added Net: Name=OUT3
Added Pin To Net: NetName=OUT4 Pin=D3-5
Added Pin To Net: NetName=OUT4 Pin=R29-2
Added Pin To Net: NetName=OUT4 Pin=U1-12
Added Net: Name=OUT4
Added Pin To Net: NetName=OUT5 Pin=D6-4
Added Pin To Net: NetName=OUT5 Pin=R33-2
Added Pin To Net: NetName=OUT5 Pin=U1-11
Added Net: Name=OUT5
Added Pin To Net: NetName=OUT6 Pin=D6-5
Added Pin To Net: NetName=OUT6 Pin=R37-2
Added Pin To Net: NetName=OUT6 Pin=U1-10
Added Net: Name=OUT6
Added Pin To Net: NetName=OUT7 Pin=D9-4
Added Pin To Net: NetName=OUT7 Pin=R41-2
Added Pin To Net: NetName=OUT7 Pin=U1-9
Added Net: Name=OUT7
Added Pin To Net: NetName=OUT8 Pin=D9-5
Added Pin To Net: NetName=OUT8 Pin=R45-2
Added Pin To Net: NetName=OUT8 Pin=U1-7
Added Net: Name=OUT8
Added Pin To Net: NetName=OUT9-16 Pin=U2-14
Added Pin To Net: NetName=OUT9-16 Pin=U3-4
Added Net: Name=OUT9-16
Added Pin To Net: NetName=OUT9 Pin=R49-2
Added Pin To Net: NetName=OUT9 Pin=U3-15
Added Net: Name=OUT9
Added Pin To Net: NetName=OUT10 Pin=R54-2
Added Pin To Net: NetName=OUT10 Pin=U3-14
Added Net: Name=OUT10
Added Pin To Net: NetName=OUT11 Pin=R59-2
Added Pin To Net: NetName=OUT11 Pin=U3-13
Added Net: Name=OUT11
Added Pin To Net: NetName=OUT12 Pin=R64-2
Added Pin To Net: NetName=OUT12 Pin=U3-12
Added Net: Name=OUT12
Added Pin To Net: NetName=OUT13 Pin=R69-2
Added Pin To Net: NetName=OUT13 Pin=U3-11
Added Net: Name=OUT13
Added Pin To Net: NetName=OUT14 Pin=R74-2
Added Pin To Net: NetName=OUT14 Pin=U3-10
Added Net: Name=OUT14
Added Pin To Net: NetName=OUT15 Pin=R79-2
Added Pin To Net: NetName=OUT15 Pin=U3-9
Added Net: Name=OUT15
Added Pin To Net: NetName=OUT16 Pin=R84-2
Added Pin To Net: NetName=OUT16 Pin=U3-7
Added Net: Name=OUT16
Added Pin To Net: NetName=OUT17-24 Pin=U2-13
Added Pin To Net: NetName=OUT17-24 Pin=U4-4
Added Net: Name=OUT17-24
Added Pin To Net: NetName=OUT17 Pin=R18-2
Added Pin To Net: NetName=OUT17 Pin=U4-15
Added Net: Name=OUT17
Added Pin To Net: NetName=OUT18 Pin=R22-2
Added Pin To Net: NetName=OUT18 Pin=U4-14
Added Net: Name=OUT18
Added Pin To Net: NetName=OUT19 Pin=R26-2
Added Pin To Net: NetName=OUT19 Pin=U4-13
Added Net: Name=OUT19
Added Pin To Net: NetName=OUT20 Pin=R30-2
Added Pin To Net: NetName=OUT20 Pin=U4-12
Added Net: Name=OUT20
Added Pin To Net: NetName=OUT21 Pin=R34-2
Added Pin To Net: NetName=OUT21 Pin=U4-11
Added Net: Name=OUT21
Added Pin To Net: NetName=OUT22 Pin=R38-2
Added Pin To Net: NetName=OUT22 Pin=U4-10
Added Net: Name=OUT22
Added Pin To Net: NetName=OUT23 Pin=R42-2
Added Pin To Net: NetName=OUT23 Pin=U4-9
Added Net: Name=OUT23
Added Pin To Net: NetName=OUT24 Pin=R46-2
Added Pin To Net: NetName=OUT24 Pin=U4-7
Added Net: Name=OUT24
Added Pin To Net: NetName=OUT25 Pin=R50-2
Added Pin To Net: NetName=OUT25 Pin=U6-15
Added Net: Name=OUT25
Added Pin To Net: NetName=OUT26 Pin=R55-2
Added Pin To Net: NetName=OUT26 Pin=U6-1
Added Net: Name=OUT26
Added Pin To Net: NetName=OUT27 Pin=R60-2
Added Pin To Net: NetName=OUT27 Pin=U6-2
Added Net: Name=OUT27
Added Pin To Net: NetName=OUT28 Pin=R65-2
Added Pin To Net: NetName=OUT28 Pin=U6-3
Added Net: Name=OUT28
Added Pin To Net: NetName=OUT29 Pin=R70-2
Added Pin To Net: NetName=OUT29 Pin=U6-4
Added Net: Name=OUT29
Added Pin To Net: NetName=OUT30 Pin=R75-2
Added Pin To Net: NetName=OUT30 Pin=U6-5
Added Net: Name=OUT30
Added Pin To Net: NetName=OUT31 Pin=R80-2
Added Pin To Net: NetName=OUT31 Pin=U6-6
Added Net: Name=OUT31
Added Pin To Net: NetName=OUT32 Pin=R85-2
Added Pin To Net: NetName=OUT32 Pin=U6-7
Added Net: Name=OUT32
Added Pin To Net: NetName=OUT33 Pin=R19-2
Added Pin To Net: NetName=OUT33 Pin=U7-15
Added Net: Name=OUT33
Added Pin To Net: NetName=OUT34 Pin=R23-2
Added Pin To Net: NetName=OUT34 Pin=U7-1
Added Net: Name=OUT34
Added Pin To Net: NetName=OUT35 Pin=R27-2
Added Pin To Net: NetName=OUT35 Pin=U7-2
Added Net: Name=OUT35
Added Pin To Net: NetName=OUT36 Pin=R31-2
Added Pin To Net: NetName=OUT36 Pin=U7-3
Added Net: Name=OUT36
Added Pin To Net: NetName=OUT37 Pin=R35-2
Added Pin To Net: NetName=OUT37 Pin=U7-4
Added Net: Name=OUT37
Added Pin To Net: NetName=OUT38 Pin=R39-2
Added Pin To Net: NetName=OUT38 Pin=U7-5
Added Net: Name=OUT38
Added Pin To Net: NetName=OUT39 Pin=R43-2
Added Pin To Net: NetName=OUT39 Pin=U7-6
Added Net: Name=OUT39
Added Pin To Net: NetName=OUT40 Pin=R47-2
Added Pin To Net: NetName=OUT40 Pin=U7-7
Added Net: Name=OUT40
Added Pin To Net: NetName=OUT41 Pin=R51-2
Added Pin To Net: NetName=OUT41 Pin=U9-15
Added Net: Name=OUT41
Added Pin To Net: NetName=OUT42 Pin=R56-2
Added Pin To Net: NetName=OUT42 Pin=U9-1
Added Net: Name=OUT42
Added Pin To Net: NetName=OUT43 Pin=R61-2
Added Pin To Net: NetName=OUT43 Pin=U9-2
Added Net: Name=OUT43
Added Pin To Net: NetName=OUT44 Pin=R66-2
Added Pin To Net: NetName=OUT44 Pin=U9-3
Added Net: Name=OUT44
Added Pin To Net: NetName=OUT45 Pin=R71-2
Added Pin To Net: NetName=OUT45 Pin=U9-4
Added Net: Name=OUT45
Added Pin To Net: NetName=OUT46 Pin=R76-2
Added Pin To Net: NetName=OUT46 Pin=U9-5
Added Net: Name=OUT46
Added Pin To Net: NetName=OUT47 Pin=R81-2
Added Pin To Net: NetName=OUT47 Pin=U9-6
Added Net: Name=OUT47
Added Pin To Net: NetName=OUT48 Pin=R86-2
Added Pin To Net: NetName=OUT48 Pin=U9-7
Added Net: Name=OUT48
Added Pin To Net: NetName=OUT49 Pin=R20-2
Added Pin To Net: NetName=OUT49 Pin=U5-15
Added Net: Name=OUT49
Added Pin To Net: NetName=OUT50 Pin=R24-2
Added Pin To Net: NetName=OUT50 Pin=U5-1
Added Net: Name=OUT50
Added Pin To Net: NetName=OUT51 Pin=R28-2
Added Pin To Net: NetName=OUT51 Pin=U5-2
Added Net: Name=OUT51
Added Pin To Net: NetName=OUT52 Pin=R32-2
Added Pin To Net: NetName=OUT52 Pin=U5-3
Added Net: Name=OUT52
Added Pin To Net: NetName=OUT53 Pin=R36-2
Added Pin To Net: NetName=OUT53 Pin=U5-4
Added Net: Name=OUT53
Added Pin To Net: NetName=OUT54 Pin=R40-2
Added Pin To Net: NetName=OUT54 Pin=U5-5
Added Net: Name=OUT54
Added Pin To Net: NetName=OUT55 Pin=R44-2
Added Pin To Net: NetName=OUT55 Pin=U5-6
Added Net: Name=OUT55
Added Pin To Net: NetName=OUT56 Pin=R48-2
Added Pin To Net: NetName=OUT56 Pin=U5-7
Added Net: Name=OUT56
Added Pin To Net: NetName=OUT57 Pin=R52-2
Added Pin To Net: NetName=OUT57 Pin=U8-15
Added Net: Name=OUT57
Added Pin To Net: NetName=OUT58 Pin=R57-2
Added Pin To Net: NetName=OUT58 Pin=U8-1
Added Net: Name=OUT58
Added Pin To Net: NetName=OUT59 Pin=R62-2
Added Pin To Net: NetName=OUT59 Pin=U8-2
Added Net: Name=OUT59
Added Pin To Net: NetName=OUT60 Pin=R67-2
Added Pin To Net: NetName=OUT60 Pin=U8-3
Added Net: Name=OUT60
Added Pin To Net: NetName=OUT61 Pin=R72-2
Added Pin To Net: NetName=OUT61 Pin=U8-4
Added Net: Name=OUT61
Added Pin To Net: NetName=OUT62 Pin=R77-2
Added Pin To Net: NetName=OUT62 Pin=U8-5
Added Net: Name=OUT62
Added Pin To Net: NetName=OUT63 Pin=R82-2
Added Pin To Net: NetName=OUT63 Pin=U8-6
Added Net: Name=OUT63
Added Pin To Net: NetName=OUT64 Pin=R87-2
Added Pin To Net: NetName=OUT64 Pin=U8-7
Added Net: Name=OUT64
Added Pin To Net: NetName=OUT65 Pin=R53-2
Added Pin To Net: NetName=OUT65 Pin=U10-15
Added Net: Name=OUT65
Added Pin To Net: NetName=OUT66 Pin=R58-2
Added Pin To Net: NetName=OUT66 Pin=U10-1
Added Net: Name=OUT66
Added Pin To Net: NetName=OUT67 Pin=R63-2
Added Pin To Net: NetName=OUT67 Pin=U10-2
Added Net: Name=OUT67
Added Pin To Net: NetName=OUT68 Pin=R68-2
Added Pin To Net: NetName=OUT68 Pin=U10-3
Added Net: Name=OUT68
Added Pin To Net: NetName=OUT69 Pin=R73-2
Added Pin To Net: NetName=OUT69 Pin=U10-4
Added Net: Name=OUT69
Added Pin To Net: NetName=OUT70 Pin=R78-2
Added Pin To Net: NetName=OUT70 Pin=U10-5
Added Net: Name=OUT70
Added Pin To Net: NetName=OUT71 Pin=R83-2
Added Pin To Net: NetName=OUT71 Pin=U10-6
Added Net: Name=OUT71
Added Pin To Net: NetName=OUT72 Pin=R88-2
Added Pin To Net: NetName=OUT72 Pin=U10-7
Added Net: Name=OUT72
Added Pin To Net: NetName=Q7S1 Pin=U6-9
Added Pin To Net: NetName=Q7S1 Pin=U7-14
Added Net: Name=Q7S1
Added Pin To Net: NetName=Q7S2 Pin=U7-9
Added Pin To Net: NetName=Q7S2 Pin=U9-14
Added Net: Name=Q7S2
Added Pin To Net: NetName=Q7S3 Pin=U5-14
Added Pin To Net: NetName=Q7S3 Pin=U9-9
Added Net: Name=Q7S3
Added Pin To Net: NetName=Q7S4 Pin=U5-9
Added Pin To Net: NetName=Q7S4 Pin=U8-14
Added Net: Name=Q7S4
Added Pin To Net: NetName=Q7S5 Pin=U8-9
Added Pin To Net: NetName=Q7S5 Pin=U10-14
Added Net: Name=Q7S5
Added Pin To Net: NetName=Q7S6 Pin=U10-9
Added Net: Name=Q7S6
Added Pin To Net: NetName=RESET Pin=P2-10
Added Pin To Net: NetName=RESET Pin=U5-10
Added Pin To Net: NetName=RESET Pin=U6-10
Added Pin To Net: NetName=RESET Pin=U7-10
Added Pin To Net: NetName=RESET Pin=U8-10
Added Pin To Net: NetName=RESET Pin=U9-10
Added Pin To Net: NetName=RESET Pin=U10-10
Added Net: Name=RESET
Added Pin To Net: NetName=SHCP Pin=P2-9
Added Pin To Net: NetName=SHCP Pin=U5-11
Added Pin To Net: NetName=SHCP Pin=U6-11
Added Pin To Net: NetName=SHCP Pin=U7-11
Added Pin To Net: NetName=SHCP Pin=U8-11
Added Pin To Net: NetName=SHCP Pin=U9-11
Added Pin To Net: NetName=SHCP Pin=U10-11
Added Net: Name=SHCP
Added Pin To Net: NetName=STCP Pin=P2-8
Added Pin To Net: NetName=STCP Pin=U5-12
Added Pin To Net: NetName=STCP Pin=U6-12
Added Pin To Net: NetName=STCP Pin=U7-12
Added Pin To Net: NetName=STCP Pin=U8-12
Added Pin To Net: NetName=STCP Pin=U9-12
Added Pin To Net: NetName=STCP Pin=U10-12
Added Net: Name=STCP
Added Pin To Net: NetName=TP1 Pin=D1-8
Added Pin To Net: NetName=TP1 Pin=P1-1
Added Pin To Net: NetName=TP1 Pin=R1-1
Added Pin To Net: NetName=TP1 Pin=R3-2
Added Net: Name=TP1
Added Pin To Net: NetName=TP2 Pin=D1-1
Added Pin To Net: NetName=TP2 Pin=P1-2
Added Pin To Net: NetName=TP2 Pin=R2-1
Added Pin To Net: NetName=TP2 Pin=R5-2
Added Net: Name=TP2
Added Pin To Net: NetName=TP3 Pin=D3-8
Added Pin To Net: NetName=TP3 Pin=P1-3
Added Pin To Net: NetName=TP3 Pin=R4-1
Added Pin To Net: NetName=TP3 Pin=R7-2
Added Net: Name=TP3
Added Pin To Net: NetName=TP4 Pin=D3-1
Added Pin To Net: NetName=TP4 Pin=P1-4
Added Pin To Net: NetName=TP4 Pin=R6-1
Added Pin To Net: NetName=TP4 Pin=R9-2
Added Net: Name=TP4
Added Pin To Net: NetName=TP5 Pin=D6-8
Added Pin To Net: NetName=TP5 Pin=P1-5
Added Pin To Net: NetName=TP5 Pin=R8-1
Added Pin To Net: NetName=TP5 Pin=R11-2
Added Net: Name=TP5
Added Pin To Net: NetName=TP6 Pin=D6-1
Added Pin To Net: NetName=TP6 Pin=P1-6
Added Pin To Net: NetName=TP6 Pin=R10-1
Added Pin To Net: NetName=TP6 Pin=R13-2
Added Net: Name=TP6
Added Pin To Net: NetName=TP7 Pin=D9-8
Added Pin To Net: NetName=TP7 Pin=P1-7
Added Pin To Net: NetName=TP7 Pin=R12-1
Added Pin To Net: NetName=TP7 Pin=R15-2
Added Net: Name=TP7
Added Pin To Net: NetName=TP8 Pin=D9-1
Added Pin To Net: NetName=TP8 Pin=P1-8
Added Pin To Net: NetName=TP8 Pin=R14-1
Added Pin To Net: NetName=TP8 Pin=R16-2
Added Net: Name=TP8
Added Pin To Net: NetName=VCC Pin=D1-2
Added Pin To Net: NetName=VCC Pin=D1-3
Added Pin To Net: NetName=VCC Pin=D1-6
Added Pin To Net: NetName=VCC Pin=D1-7
Added Pin To Net: NetName=VCC Pin=D3-2
Added Pin To Net: NetName=VCC Pin=D3-3
Added Pin To Net: NetName=VCC Pin=D3-6
Added Pin To Net: NetName=VCC Pin=D3-7
Added Pin To Net: NetName=VCC Pin=D6-2
Added Pin To Net: NetName=VCC Pin=D6-3
Added Pin To Net: NetName=VCC Pin=D6-6
Added Pin To Net: NetName=VCC Pin=D6-7
Added Pin To Net: NetName=VCC Pin=D9-2
Added Pin To Net: NetName=VCC Pin=D9-3
Added Pin To Net: NetName=VCC Pin=D9-6
Added Pin To Net: NetName=VCC Pin=D9-7
Added Pin To Net: NetName=VCC Pin=P2-1
Added Pin To Net: NetName=VCC Pin=U1-6
Added Pin To Net: NetName=VCC Pin=U1-16
Added Pin To Net: NetName=VCC Pin=U2-6
Added Pin To Net: NetName=VCC Pin=U3-6
Added Pin To Net: NetName=VCC Pin=U3-16
Added Pin To Net: NetName=VCC Pin=U4-6
Added Pin To Net: NetName=VCC Pin=U4-16
Added Pin To Net: NetName=VCC Pin=U5-16
Added Pin To Net: NetName=VCC Pin=U6-16
Added Pin To Net: NetName=VCC Pin=U7-16
Added Pin To Net: NetName=VCC Pin=U8-16
Added Pin To Net: NetName=VCC Pin=U9-16
Added Pin To Net: NetName=VCC Pin=U10-16
Added Net: Name=VCC
Added Class: Name=Schematic
Added Room: Name=Schematic
