Added Component: Designator=C?(0603 Cap)
Add component. Clean all parameters for all variants
Added Component: Designator=C?(0603 Cap)
Add component. Clean all parameters for all variants
Added Component: Designator=D?(PCBComponent_1)
Add component. Clean all parameters for all variants
Added Component: Designator=D?(PCBComponent_1)
Add component. Clean all parameters for all variants
Added Component: Designator=D?(PCBComponent_1)
Add component. Clean all parameters for all variants
Added Component: Designator=D?(PCBComponent_1)
Add component. Clean all parameters for all variants
Added Component: Designator=D?(PCBComponent_1)
Add component. Clean all parameters for all variants
Added Component: Designator=D?(PCBComponent_1)
Add component. Clean all parameters for all variants
Added Component: Designator=D?(PCBComponent_1)
Add component. Clean all parameters for all variants
Added Component: Designator=D?(PCBComponent_1)
Add component. Clean all parameters for all variants
Added Component: Designator=D?(PCBComponent_1)
Add component. Clean all parameters for all variants
Added Component: Designator=D?(PCBComponent_1)
Add component. Clean all parameters for all variants
Added Component: Designator=D?(PCBComponent_1)
Add component. Clean all parameters for all variants
Added Component: Designator=D?(PCBComponent_1)
Add component. Clean all parameters for all variants
Added Component: Designator=IC?(QFN40P500X600X100-47N-D)
Add component. Clean all parameters for all variants
Add component (AddParameter): Name = "Datasheet Link"; Value = "http://www.ti.com/lit/ds/symlink/lp5030.pdf"; VariantName = "[No Variations]"
Add component (AddParameter): Name = "Height"; Value = "1mm"; VariantName = "[No Variations]"
Add component (AddParameter): Name = "Manufacturer_Name"; Value = "Texas Instruments"; VariantName = "[No Variations]"
Add component (AddParameter): Name = "Manufacturer_Part_Number"; Value = "LP5036RJVR"; VariantName = "[No Variations]"
Add component (AddParameter): Name = "Mouser Part Number"; Value = "595-LP5036RJVR"; VariantName = "[No Variations]"
Add component (AddParameter): Name = "Mouser Price/Stock"; Value = "https://www.mouser.com/Search/Refine.aspx?Keyword=595-LP5036RJVR"; VariantName = "[No Variations]"
Add component (AddParameter): Name = "RS Part Number"; Value = ""; VariantName = "[No Variations]"
Add component (AddParameter): Name = "RS Price/Stock"; Value = ""; VariantName = "[No Variations]"
Added Component: Designator=R?(0402 Res)
Add component. Clean all parameters for all variants
Added Pin To Net: NetName=EN Pin=IC?-43
Added Net: Name=EN
Added Pin To Net: NetName=GND Pin=C?-1
Added Pin To Net: NetName=GND Pin=C?-2
Added Pin To Net: NetName=GND Pin=IC?-37
Added Pin To Net: NetName=GND Pin=IC?-38
Added Pin To Net: NetName=GND Pin=IC?-39
Added Pin To Net: NetName=GND Pin=IC?-46
Added Pin To Net: NetName=GND Pin=IC?-47
Added Pin To Net: NetName=GND Pin=R?-2
Added Net: Name=GND
Added Pin To Net: NetName=NetC?_2 Pin=C?-2
Added Pin To Net: NetName=NetC?_2 Pin=IC?-45
Added Net: Name=NetC?_2
Added Pin To Net: NetName=NetIC?_44 Pin=IC?-44
Added Pin To Net: NetName=NetIC?_44 Pin=R?-1
Added Net: Name=NetIC?_44
Added Pin To Net: NetName=OUT0 Pin=D?-1
Added Pin To Net: NetName=OUT0 Pin=IC?-1
Added Net: Name=OUT0
Added Pin To Net: NetName=OUT1 Pin=D?-2
Added Pin To Net: NetName=OUT1 Pin=IC?-2
Added Net: Name=OUT1
Added Pin To Net: NetName=OUT2 Pin=D?-3
Added Pin To Net: NetName=OUT2 Pin=IC?-3
Added Net: Name=OUT2
Added Pin To Net: NetName=OUT3 Pin=D?-1
Added Pin To Net: NetName=OUT3 Pin=IC?-4
Added Net: Name=OUT3
Added Pin To Net: NetName=OUT4 Pin=D?-2
Added Pin To Net: NetName=OUT4 Pin=IC?-5
Added Net: Name=OUT4
Added Pin To Net: NetName=OUT5 Pin=D?-3
Added Pin To Net: NetName=OUT5 Pin=IC?-6
Added Net: Name=OUT5
Added Pin To Net: NetName=OUT6 Pin=D?-1
Added Pin To Net: NetName=OUT6 Pin=IC?-7
Added Net: Name=OUT6
Added Pin To Net: NetName=OUT7 Pin=D?-2
Added Pin To Net: NetName=OUT7 Pin=IC?-8
Added Net: Name=OUT7
Added Pin To Net: NetName=OUT8 Pin=D?-3
Added Pin To Net: NetName=OUT8 Pin=IC?-9
Added Net: Name=OUT8
Added Pin To Net: NetName=OUT9 Pin=D?-1
Added Pin To Net: NetName=OUT9 Pin=IC?-10
Added Net: Name=OUT9
Added Pin To Net: NetName=OUT10 Pin=D?-2
Added Pin To Net: NetName=OUT10 Pin=IC?-11
Added Net: Name=OUT10
Added Pin To Net: NetName=OUT11 Pin=D?-3
Added Pin To Net: NetName=OUT11 Pin=IC?-12
Added Net: Name=OUT11
Added Pin To Net: NetName=OUT12 Pin=D?-1
Added Pin To Net: NetName=OUT12 Pin=IC?-13
Added Net: Name=OUT12
Added Pin To Net: NetName=OUT13 Pin=D?-2
Added Pin To Net: NetName=OUT13 Pin=IC?-14
Added Net: Name=OUT13
Added Pin To Net: NetName=OUT14 Pin=D?-3
Added Pin To Net: NetName=OUT14 Pin=IC?-15
Added Net: Name=OUT14
Added Pin To Net: NetName=OUT15 Pin=D?-1
Added Pin To Net: NetName=OUT15 Pin=IC?-16
Added Net: Name=OUT15
Added Pin To Net: NetName=OUT16 Pin=D?-2
Added Pin To Net: NetName=OUT16 Pin=IC?-17
Added Net: Name=OUT16
Added Pin To Net: NetName=OUT17 Pin=D?-3
Added Pin To Net: NetName=OUT17 Pin=IC?-18
Added Net: Name=OUT17
Added Pin To Net: NetName=OUT18 Pin=D?-1
Added Pin To Net: NetName=OUT18 Pin=IC?-19
Added Net: Name=OUT18
Added Pin To Net: NetName=OUT19 Pin=D?-2
Added Pin To Net: NetName=OUT19 Pin=IC?-20
Added Net: Name=OUT19
Added Pin To Net: NetName=OUT20 Pin=D?-3
Added Pin To Net: NetName=OUT20 Pin=IC?-21
Added Net: Name=OUT20
Added Pin To Net: NetName=OUT21 Pin=D?-1
Added Pin To Net: NetName=OUT21 Pin=IC?-22
Added Net: Name=OUT21
Added Pin To Net: NetName=OUT22 Pin=D?-2
Added Pin To Net: NetName=OUT22 Pin=IC?-23
Added Net: Name=OUT22
Added Pin To Net: NetName=OUT23 Pin=D?-3
Added Pin To Net: NetName=OUT23 Pin=IC?-24
Added Net: Name=OUT23
Added Pin To Net: NetName=OUT24 Pin=D?-1
Added Pin To Net: NetName=OUT24 Pin=IC?-25
Added Net: Name=OUT24
Added Pin To Net: NetName=OUT25 Pin=D?-2
Added Pin To Net: NetName=OUT25 Pin=IC?-26
Added Net: Name=OUT25
Added Pin To Net: NetName=OUT26 Pin=D?-3
Added Pin To Net: NetName=OUT26 Pin=IC?-27
Added Net: Name=OUT26
Added Pin To Net: NetName=OUT27 Pin=D?-1
Added Pin To Net: NetName=OUT27 Pin=IC?-28
Added Net: Name=OUT27
Added Pin To Net: NetName=OUT28 Pin=D?-2
Added Pin To Net: NetName=OUT28 Pin=IC?-29
Added Net: Name=OUT28
Added Pin To Net: NetName=OUT29 Pin=D?-3
Added Pin To Net: NetName=OUT29 Pin=IC?-30
Added Net: Name=OUT29
Added Pin To Net: NetName=OUT30 Pin=D?-1
Added Pin To Net: NetName=OUT30 Pin=IC?-31
Added Net: Name=OUT30
Added Pin To Net: NetName=OUT31 Pin=D?-2
Added Pin To Net: NetName=OUT31 Pin=IC?-32
Added Net: Name=OUT31
Added Pin To Net: NetName=OUT32 Pin=D?-3
Added Pin To Net: NetName=OUT32 Pin=IC?-33
Added Net: Name=OUT32
Added Pin To Net: NetName=OUT33 Pin=D?-1
Added Pin To Net: NetName=OUT33 Pin=IC?-34
Added Net: Name=OUT33
Added Pin To Net: NetName=OUT34 Pin=D?-2
Added Pin To Net: NetName=OUT34 Pin=IC?-35
Added Net: Name=OUT34
Added Pin To Net: NetName=OUT35 Pin=D?-3
Added Pin To Net: NetName=OUT35 Pin=IC?-36
Added Net: Name=OUT35
Added Pin To Net: NetName=SCL Pin=IC?-42
Added Net: Name=SCL
Added Pin To Net: NetName=SDA Pin=IC?-41
Added Net: Name=SDA
Added Pin To Net: NetName=VCC Pin=C?-1
Added Pin To Net: NetName=VCC Pin=D?-4
Added Pin To Net: NetName=VCC Pin=D?-4
Added Pin To Net: NetName=VCC Pin=D?-4
Added Pin To Net: NetName=VCC Pin=D?-4
Added Pin To Net: NetName=VCC Pin=D?-4
Added Pin To Net: NetName=VCC Pin=D?-4
Added Pin To Net: NetName=VCC Pin=D?-4
Added Pin To Net: NetName=VCC Pin=D?-4
Added Pin To Net: NetName=VCC Pin=D?-4
Added Pin To Net: NetName=VCC Pin=D?-4
Added Pin To Net: NetName=VCC Pin=D?-4
Added Pin To Net: NetName=VCC Pin=D?-4
Added Pin To Net: NetName=VCC Pin=IC?-40
Added Net: Name=VCC
Added Class: Name=Sheet1
