Removed Pin From Net: NetName=OUTR5 Pin=D38-1
Removed Pin From Net: NetName=OUTG5 Pin=D38-2
Removed Pin From Net: NetName=OUTB5 Pin=D38-3
Removed Pin From Net: NetName=OUTR6 Pin=D39-1
Removed Pin From Net: NetName=OUTG6 Pin=D39-2
Removed Pin From Net: NetName=OUTB6 Pin=D39-3
Removed Pin From Net: NetName=OUTR7 Pin=D40-1
Removed Pin From Net: NetName=OUTG7 Pin=D40-2
Removed Pin From Net: NetName=OUTB7 Pin=D40-3
Removed Pin From Net: NetName=OUTR8 Pin=D41-1
Removed Pin From Net: NetName=OUTG8 Pin=D41-2
Removed Pin From Net: NetName=OUTB8 Pin=D41-3
Removed Pin From Net: NetName=OUTR9 Pin=D42-1
Removed Pin From Net: NetName=OUTG9 Pin=D42-2
Removed Pin From Net: NetName=OUTB9 Pin=D42-3
Removed Pin From Net: NetName=OUTR10 Pin=D43-1
Removed Pin From Net: NetName=OUTG10 Pin=D43-2
Removed Pin From Net: NetName=OUTB10 Pin=D43-3
Removed Pin From Net: NetName=OUTR11 Pin=D44-1
Removed Pin From Net: NetName=OUTG11 Pin=D44-2
Removed Pin From Net: NetName=OUTB11 Pin=D44-3
Removed Pin From Net: NetName=OUTR12 Pin=D45-1
Removed Pin From Net: NetName=OUTG12 Pin=D45-2
Removed Pin From Net: NetName=OUTB12 Pin=D45-3
Removed Pin From Net: NetName=OUTR13 Pin=D46-1
Removed Pin From Net: NetName=OUTG13 Pin=D46-2
Removed Pin From Net: NetName=OUTB13 Pin=D46-3
Removed Pin From Net: NetName=OUTR14 Pin=D47-1
Removed Pin From Net: NetName=OUTG14 Pin=D47-2
Removed Pin From Net: NetName=OUTB14 Pin=D47-3
Removed Pin From Net: NetName=OUTR15 Pin=D48-1
Removed Pin From Net: NetName=OUTG15 Pin=D48-2
Removed Pin From Net: NetName=OUTB15 Pin=D48-3
Removed Pin From Net: NetName=OUTR5 Pin=D54-1
Removed Pin From Net: NetName=OUTG5 Pin=D54-2
Removed Pin From Net: NetName=OUTB5 Pin=D54-3
Removed Pin From Net: NetName=OUTR6 Pin=D55-1
Removed Pin From Net: NetName=OUTG6 Pin=D55-2
Removed Pin From Net: NetName=OUTB6 Pin=D55-3
Removed Pin From Net: NetName=OUTR7 Pin=D56-1
Removed Pin From Net: NetName=OUTG7 Pin=D56-2
Removed Pin From Net: NetName=OUTB7 Pin=D56-3
Removed Pin From Net: NetName=OUTR8 Pin=D57-1
Removed Pin From Net: NetName=OUTG8 Pin=D57-2
Removed Pin From Net: NetName=OUTB8 Pin=D57-3
Removed Pin From Net: NetName=OUTR9 Pin=D58-1
Removed Pin From Net: NetName=OUTG9 Pin=D58-2
Removed Pin From Net: NetName=OUTB9 Pin=D58-3
Removed Pin From Net: NetName=OUTR10 Pin=D59-1
Removed Pin From Net: NetName=OUTG10 Pin=D59-2
Removed Pin From Net: NetName=OUTB10 Pin=D59-3
Removed Pin From Net: NetName=OUTR11 Pin=D60-1
Removed Pin From Net: NetName=OUTG11 Pin=D60-2
Removed Pin From Net: NetName=OUTB11 Pin=D60-3
Removed Pin From Net: NetName=OUTR12 Pin=D61-1
Removed Pin From Net: NetName=OUTG12 Pin=D61-2
Removed Pin From Net: NetName=OUTB12 Pin=D61-3
Removed Pin From Net: NetName=OUTR13 Pin=D62-1
Removed Pin From Net: NetName=OUTG13 Pin=D62-2
Removed Pin From Net: NetName=OUTB13 Pin=D62-3
Removed Pin From Net: NetName=OUTR14 Pin=D63-1
Removed Pin From Net: NetName=OUTG14 Pin=D63-2
Removed Pin From Net: NetName=OUTB14 Pin=D63-3
Removed Pin From Net: NetName=OUTR15 Pin=D64-1
Removed Pin From Net: NetName=OUTG15 Pin=D64-2
Removed Pin From Net: NetName=OUTB15 Pin=D64-3
Removed Pin From Net: NetName=OUTB7 Pin=IC2-4
Removed Pin From Net: NetName=OUTR7 Pin=IC2-5
Removed Pin From Net: NetName=OUTG7 Pin=IC2-6
Removed Pin From Net: NetName=OUTG11 Pin=IC2-9
Removed Pin From Net: NetName=OUTR11 Pin=IC2-10
Removed Pin From Net: NetName=OUTB11 Pin=IC2-11
Removed Pin From Net: NetName=OUTG15 Pin=IC2-12
Removed Pin From Net: NetName=OUTR15 Pin=IC2-13
Removed Pin From Net: NetName=OUTB15 Pin=IC2-14
Removed Pin From Net: NetName=OUTG10 Pin=IC2-15
Removed Pin From Net: NetName=OUTR10 Pin=IC2-16
Removed Pin From Net: NetName=OUTB10 Pin=IC2-17
Removed Pin From Net: NetName=OUTG14 Pin=IC2-18
Removed Pin From Net: NetName=OUTR14 Pin=IC2-19
Removed Pin From Net: NetName=OUTB14 Pin=IC2-20
Removed Pin From Net: NetName=OUTG13 Pin=IC2-21
Removed Pin From Net: NetName=OUTR13 Pin=IC2-22
Removed Pin From Net: NetName=OUTB13 Pin=IC2-23
Removed Pin From Net: NetName=OUTG9 Pin=IC2-24
Removed Pin From Net: NetName=OUTR9 Pin=IC2-25
Removed Pin From Net: NetName=OUTB9 Pin=IC2-26
Removed Pin From Net: NetName=OUTG12 Pin=IC2-27
Removed Pin From Net: NetName=OUTR12 Pin=IC2-28
Removed Pin From Net: NetName=OUTB12 Pin=IC2-29
Removed Pin From Net: NetName=OUTG8 Pin=IC2-30
Removed Pin From Net: NetName=OUTR8 Pin=IC2-31
Removed Pin From Net: NetName=OUTB8 Pin=IC2-32
Removed Pin From Net: NetName=OUTB5 Pin=IC2-45
Removed Pin From Net: NetName=OUTR5 Pin=IC2-46
Removed Pin From Net: NetName=OUTG5 Pin=IC2-47
Removed Pin From Net: NetName=OUTB6 Pin=IC2-54
Removed Pin From Net: NetName=OUTR6 Pin=IC2-55
Removed Pin From Net: NetName=OUTG6 Pin=IC2-56
Added Pin To Net: NetName=OUTB5_1 Pin=D38-3
Added Pin To Net: NetName=OUTB5_1 Pin=D54-3
Added Pin To Net: NetName=OUTB5_1 Pin=IC2-45
Added Net: Name=OUTB5_1
Added Pin To Net: NetName=OUTB6_1 Pin=D39-3
Added Pin To Net: NetName=OUTB6_1 Pin=D55-3
Added Pin To Net: NetName=OUTB6_1 Pin=IC2-54
Added Net: Name=OUTB6_1
Added Pin To Net: NetName=OUTB7_1 Pin=D40-3
Added Pin To Net: NetName=OUTB7_1 Pin=D56-3
Added Pin To Net: NetName=OUTB7_1 Pin=IC2-4
Added Net: Name=OUTB7_1
Added Pin To Net: NetName=OUTB8_1 Pin=D41-3
Added Pin To Net: NetName=OUTB8_1 Pin=D57-3
Added Pin To Net: NetName=OUTB8_1 Pin=IC2-32
Added Net: Name=OUTB8_1
Added Pin To Net: NetName=OUTB9_1 Pin=D42-3
Added Pin To Net: NetName=OUTB9_1 Pin=D58-3
Added Pin To Net: NetName=OUTB9_1 Pin=IC2-26
Added Net: Name=OUTB9_1
Added Pin To Net: NetName=OUTB10_1 Pin=D43-3
Added Pin To Net: NetName=OUTB10_1 Pin=D59-3
Added Pin To Net: NetName=OUTB10_1 Pin=IC2-17
Added Net: Name=OUTB10_1
Added Pin To Net: NetName=OUTB11_1 Pin=D44-3
Added Pin To Net: NetName=OUTB11_1 Pin=D60-3
Added Pin To Net: NetName=OUTB11_1 Pin=IC2-11
Added Net: Name=OUTB11_1
Added Pin To Net: NetName=OUTB12_1 Pin=D45-3
Added Pin To Net: NetName=OUTB12_1 Pin=D61-3
Added Pin To Net: NetName=OUTB12_1 Pin=IC2-29
Added Net: Name=OUTB12_1
Added Pin To Net: NetName=OUTB13_1 Pin=D46-3
Added Pin To Net: NetName=OUTB13_1 Pin=D62-3
Added Pin To Net: NetName=OUTB13_1 Pin=IC2-23
Added Net: Name=OUTB13_1
Added Pin To Net: NetName=OUTB14_1 Pin=D47-3
Added Pin To Net: NetName=OUTB14_1 Pin=D63-3
Added Pin To Net: NetName=OUTB14_1 Pin=IC2-20
Added Net: Name=OUTB14_1
Added Pin To Net: NetName=OUTB15_1 Pin=D48-3
Added Pin To Net: NetName=OUTB15_1 Pin=D64-3
Added Pin To Net: NetName=OUTB15_1 Pin=IC2-14
Added Net: Name=OUTB15_1
Added Pin To Net: NetName=OUTG5_1 Pin=D38-2
Added Pin To Net: NetName=OUTG5_1 Pin=D54-2
Added Pin To Net: NetName=OUTG5_1 Pin=IC2-47
Added Net: Name=OUTG5_1
Added Pin To Net: NetName=OUTG6_1 Pin=D39-2
Added Pin To Net: NetName=OUTG6_1 Pin=D55-2
Added Pin To Net: NetName=OUTG6_1 Pin=IC2-56
Added Net: Name=OUTG6_1
Added Pin To Net: NetName=OUTG7_1 Pin=D40-2
Added Pin To Net: NetName=OUTG7_1 Pin=D56-2
Added Pin To Net: NetName=OUTG7_1 Pin=IC2-6
Added Net: Name=OUTG7_1
Added Pin To Net: NetName=OUTG8_1 Pin=D41-2
Added Pin To Net: NetName=OUTG8_1 Pin=D57-2
Added Pin To Net: NetName=OUTG8_1 Pin=IC2-30
Added Net: Name=OUTG8_1
Added Pin To Net: NetName=OUTG9_1 Pin=D42-2
Added Pin To Net: NetName=OUTG9_1 Pin=D58-2
Added Pin To Net: NetName=OUTG9_1 Pin=IC2-24
Added Net: Name=OUTG9_1
Added Pin To Net: NetName=OUTG10_1 Pin=D43-2
Added Pin To Net: NetName=OUTG10_1 Pin=D59-2
Added Pin To Net: NetName=OUTG10_1 Pin=IC2-15
Added Net: Name=OUTG10_1
Added Pin To Net: NetName=OUTG11_1 Pin=D44-2
Added Pin To Net: NetName=OUTG11_1 Pin=D60-2
Added Pin To Net: NetName=OUTG11_1 Pin=IC2-9
Added Net: Name=OUTG11_1
Added Pin To Net: NetName=OUTG12_1 Pin=D45-2
Added Pin To Net: NetName=OUTG12_1 Pin=D61-2
Added Pin To Net: NetName=OUTG12_1 Pin=IC2-27
Added Net: Name=OUTG12_1
Added Pin To Net: NetName=OUTG13_1 Pin=D46-2
Added Pin To Net: NetName=OUTG13_1 Pin=D62-2
Added Pin To Net: NetName=OUTG13_1 Pin=IC2-21
Added Net: Name=OUTG13_1
Added Pin To Net: NetName=OUTG14_1 Pin=D47-2
Added Pin To Net: NetName=OUTG14_1 Pin=D63-2
Added Pin To Net: NetName=OUTG14_1 Pin=IC2-18
Added Net: Name=OUTG14_1
Added Pin To Net: NetName=OUTG15_1 Pin=D48-2
Added Pin To Net: NetName=OUTG15_1 Pin=D64-2
Added Pin To Net: NetName=OUTG15_1 Pin=IC2-12
Added Net: Name=OUTG15_1
Added Pin To Net: NetName=OUTR5_1 Pin=D38-1
Added Pin To Net: NetName=OUTR5_1 Pin=D54-1
Added Pin To Net: NetName=OUTR5_1 Pin=IC2-46
Added Net: Name=OUTR5_1
Added Pin To Net: NetName=OUTR6_1 Pin=D39-1
Added Pin To Net: NetName=OUTR6_1 Pin=D55-1
Added Pin To Net: NetName=OUTR6_1 Pin=IC2-55
Added Net: Name=OUTR6_1
Added Pin To Net: NetName=OUTR7_1 Pin=D40-1
Added Pin To Net: NetName=OUTR7_1 Pin=D56-1
Added Pin To Net: NetName=OUTR7_1 Pin=IC2-5
Added Net: Name=OUTR7_1
Added Pin To Net: NetName=OUTR8_1 Pin=D41-1
Added Pin To Net: NetName=OUTR8_1 Pin=D57-1
Added Pin To Net: NetName=OUTR8_1 Pin=IC2-31
Added Net: Name=OUTR8_1
Added Pin To Net: NetName=OUTR9_1 Pin=D42-1
Added Pin To Net: NetName=OUTR9_1 Pin=D58-1
Added Pin To Net: NetName=OUTR9_1 Pin=IC2-25
Added Net: Name=OUTR9_1
Added Pin To Net: NetName=OUTR10_1 Pin=D43-1
Added Pin To Net: NetName=OUTR10_1 Pin=D59-1
Added Pin To Net: NetName=OUTR10_1 Pin=IC2-16
Added Net: Name=OUTR10_1
Added Pin To Net: NetName=OUTR11_1 Pin=D44-1
Added Pin To Net: NetName=OUTR11_1 Pin=D60-1
Added Pin To Net: NetName=OUTR11_1 Pin=IC2-10
Added Net: Name=OUTR11_1
Added Pin To Net: NetName=OUTR12_1 Pin=D45-1
Added Pin To Net: NetName=OUTR12_1 Pin=D61-1
Added Pin To Net: NetName=OUTR12_1 Pin=IC2-28
Added Net: Name=OUTR12_1
Added Pin To Net: NetName=OUTR13_1 Pin=D46-1
Added Pin To Net: NetName=OUTR13_1 Pin=D62-1
Added Pin To Net: NetName=OUTR13_1 Pin=IC2-22
Added Net: Name=OUTR13_1
Added Pin To Net: NetName=OUTR14_1 Pin=D47-1
Added Pin To Net: NetName=OUTR14_1 Pin=D63-1
Added Pin To Net: NetName=OUTR14_1 Pin=IC2-19
Added Net: Name=OUTR14_1
Added Pin To Net: NetName=OUTR15_1 Pin=D48-1
Added Pin To Net: NetName=OUTR15_1 Pin=D64-1
Added Pin To Net: NetName=OUTR15_1 Pin=IC2-13
Added Net: Name=OUTR15_1
Added Room: Name=Sheet1
Added Room: Name=TLC5955
