Removed Pin From Net: NetName=+VIN_1 Pin=D33-4
Removed Pin From Net: NetName=+VIN_1 Pin=D34-4
Removed Pin From Net: NetName=+VIN_1 Pin=D35-4
Removed Pin From Net: NetName=+VIN_1 Pin=D36-4
Removed Pin From Net: NetName=+VIN_1 Pin=D37-4
Removed Pin From Net: NetName=+VIN_1 Pin=D38-4
Removed Pin From Net: NetName=+VIN_1 Pin=D39-4
Removed Pin From Net: NetName=+VIN_1 Pin=D40-4
Removed Pin From Net: NetName=+VIN_1 Pin=D41-4
Removed Pin From Net: NetName=+VIN_1 Pin=D42-4
Removed Pin From Net: NetName=+VIN_1 Pin=D43-4
Removed Pin From Net: NetName=+VIN_1 Pin=D44-4
Removed Pin From Net: NetName=+VIN_1 Pin=D45-4
Removed Pin From Net: NetName=+VIN_1 Pin=D46-4
Removed Pin From Net: NetName=+VIN_1 Pin=D47-4
Removed Pin From Net: NetName=+VIN_1 Pin=D48-4
Removed Pin From Net: NetName=+VIN_2 Pin=D49-4
Removed Pin From Net: NetName=+VIN_2 Pin=D50-4
Removed Pin From Net: NetName=+VIN_2 Pin=D51-4
Removed Pin From Net: NetName=+VIN_2 Pin=D52-4
Removed Pin From Net: NetName=+VIN_2 Pin=D53-4
Removed Pin From Net: NetName=+VIN_2 Pin=D54-4
Removed Pin From Net: NetName=+VIN_2 Pin=D55-4
Removed Pin From Net: NetName=+VIN_2 Pin=D56-4
Removed Pin From Net: NetName=+VIN_2 Pin=D57-4
Removed Pin From Net: NetName=+VIN_2 Pin=D58-4
Removed Pin From Net: NetName=+VIN_2 Pin=D59-4
Removed Pin From Net: NetName=+VIN_2 Pin=D60-4
Removed Pin From Net: NetName=+VIN_2 Pin=D61-4
Removed Pin From Net: NetName=+VIN_2 Pin=D62-4
Removed Pin From Net: NetName=+VIN_2 Pin=D63-4
Removed Pin From Net: NetName=+VIN_2 Pin=D64-4
Removed Pin From Net: NetName=+VIN_1 Pin=P1-7
Removed Pin From Net: NetName=+VIN_2 Pin=P1-8
Added Pin To Net: NetName=+VIN_1_1 Pin=D33-4
Added Pin To Net: NetName=+VIN_1_1 Pin=D34-4
Added Pin To Net: NetName=+VIN_1_1 Pin=D35-4
Added Pin To Net: NetName=+VIN_1_1 Pin=D36-4
Added Pin To Net: NetName=+VIN_1_1 Pin=D37-4
Added Pin To Net: NetName=+VIN_1_1 Pin=D38-4
Added Pin To Net: NetName=+VIN_1_1 Pin=D39-4
Added Pin To Net: NetName=+VIN_1_1 Pin=D40-4
Added Pin To Net: NetName=+VIN_1_1 Pin=D41-4
Added Pin To Net: NetName=+VIN_1_1 Pin=D42-4
Added Pin To Net: NetName=+VIN_1_1 Pin=D43-4
Added Pin To Net: NetName=+VIN_1_1 Pin=D44-4
Added Pin To Net: NetName=+VIN_1_1 Pin=D45-4
Added Pin To Net: NetName=+VIN_1_1 Pin=D46-4
Added Pin To Net: NetName=+VIN_1_1 Pin=D47-4
Added Pin To Net: NetName=+VIN_1_1 Pin=D48-4
Added Pin To Net: NetName=+VIN_1_1 Pin=P1-7
Added Net: Name=+VIN_1_1
Added Pin To Net: NetName=+VIN_2_1 Pin=D49-4
Added Pin To Net: NetName=+VIN_2_1 Pin=D50-4
Added Pin To Net: NetName=+VIN_2_1 Pin=D51-4
Added Pin To Net: NetName=+VIN_2_1 Pin=D52-4
Added Pin To Net: NetName=+VIN_2_1 Pin=D53-4
Added Pin To Net: NetName=+VIN_2_1 Pin=D54-4
Added Pin To Net: NetName=+VIN_2_1 Pin=D55-4
Added Pin To Net: NetName=+VIN_2_1 Pin=D56-4
Added Pin To Net: NetName=+VIN_2_1 Pin=D57-4
Added Pin To Net: NetName=+VIN_2_1 Pin=D58-4
Added Pin To Net: NetName=+VIN_2_1 Pin=D59-4
Added Pin To Net: NetName=+VIN_2_1 Pin=D60-4
Added Pin To Net: NetName=+VIN_2_1 Pin=D61-4
Added Pin To Net: NetName=+VIN_2_1 Pin=D62-4
Added Pin To Net: NetName=+VIN_2_1 Pin=D63-4
Added Pin To Net: NetName=+VIN_2_1 Pin=D64-4
Added Pin To Net: NetName=+VIN_2_1 Pin=P1-8
Added Net: Name=+VIN_2_1
Added Room: Name=Sheet1
Added Room: Name=TLC5955
