Removed Pin From Net: NetName=1_SCLK Pin=P3-1
Removed Pin From Net: NetName=1_LAT Pin=P3-2
Removed Pin From Net: NetName=1_SIN Pin=P3-3
Removed Pin From Net: NetName=1_GCLK Pin=P3-4
Removed Pin From Net: NetName=1_SOUT Pin=P3-5
Removed Pin From Net: NetName=1_ERROR Pin=P3-6
Removed Pin From Net: NetName=1_VCC Pin=P3-7
Removed Pin From Net: NetName=1_GND Pin=P3-8
Removed Pin From Net: NetName=V1 Pin=P3-9
Removed Pin From Net: NetName=V2 Pin=P3-10
Removed Member From Class: ClassName=TLC59581 Member=P3
Added Component: Designator=P?(HDR1X12)
Add component. Clean all parameters for all variants
Add component (AddParameter): Name = "LatestRevisionDate"; Value = "17-Jul-2002"; VariantName = "[No Variations]"
Add component (AddParameter): Name = "LatestRevisionNote"; Value = "Re-released for DXP Platform."; VariantName = "[No Variations]"
Add component (AddParameter): Name = "Publisher"; Value = "Altium Limited"; VariantName = "[No Variations]"
Added Pin To Net: NetName=1_SCLK Pin=P?-1
Added Pin To Net: NetName=1_LAT Pin=P?-2
Added Pin To Net: NetName=1_SIN Pin=P?-3
Added Pin To Net: NetName=1_GCLK Pin=P?-4
Added Pin To Net: NetName=1_SOUT Pin=P?-5
Added Pin To Net: NetName=1_ERROR Pin=P?-6
Added Pin To Net: NetName=1_VCC Pin=P?-7
Added Pin To Net: NetName=1_GND Pin=P?-8
Added Pin To Net: NetName=V1 Pin=P?-9
Added Pin To Net: NetName=V2 Pin=P?-10
Added Pin To Net: NetName=V3 Pin=P?-11
Added Pin To Net: NetName=V4 Pin=P?-12
Added Member To Class: ClassName=Sheet3 Member=Component C12 0805 Capacitor
Added Member To Class: ClassName=TLC59581 Member=Component P? Header 12
Added Room: Name=Sheet1
Added Room: Name=Sheet3
Added Room: Name=TLC5955
Added Room: Name=TLC59581
