Added Component: Designator=D65(RGB LED)
Add component. Clean all parameters for all variants
Added Component: Designator=D66(RGB LED)
Add component. Clean all parameters for all variants
Added Component: Designator=D67(RGB LED)
Add component. Clean all parameters for all variants
Added Component: Designator=D68(RGB LED)
Add component. Clean all parameters for all variants
Added Component: Designator=D69(RGB LED)
Add component. Clean all parameters for all variants
Added Component: Designator=D70(RGB LED)
Add component. Clean all parameters for all variants
Added Component: Designator=D71(RGB LED)
Add component. Clean all parameters for all variants
Added Component: Designator=D72(RGB LED)
Add component. Clean all parameters for all variants
Added Component: Designator=D73(RGB LED)
Add component. Clean all parameters for all variants
Added Component: Designator=D74(RGB LED)
Add component. Clean all parameters for all variants
Added Component: Designator=D75(RGB LED)
Add component. Clean all parameters for all variants
Added Component: Designator=D76(RGB LED)
Add component. Clean all parameters for all variants
Added Component: Designator=D77(RGB LED)
Add component. Clean all parameters for all variants
Added Component: Designator=D78(RGB LED)
Add component. Clean all parameters for all variants
Added Component: Designator=D79(RGB LED)
Add component. Clean all parameters for all variants
Added Component: Designator=D80(RGB LED)
Add component. Clean all parameters for all variants
Added Component: Designator=D81(RGB LED)
Add component. Clean all parameters for all variants
Added Component: Designator=D82(RGB LED)
Add component. Clean all parameters for all variants
Added Component: Designator=D83(RGB LED)
Add component. Clean all parameters for all variants
Added Component: Designator=D84(RGB LED)
Add component. Clean all parameters for all variants
Added Component: Designator=D85(RGB LED)
Add component. Clean all parameters for all variants
Added Component: Designator=D86(RGB LED)
Add component. Clean all parameters for all variants
Added Component: Designator=D87(RGB LED)
Add component. Clean all parameters for all variants
Added Component: Designator=D88(RGB LED)
Add component. Clean all parameters for all variants
Added Component: Designator=D89(RGB LED)
Add component. Clean all parameters for all variants
Added Component: Designator=D90(RGB LED)
Add component. Clean all parameters for all variants
Added Component: Designator=D91(RGB LED)
Add component. Clean all parameters for all variants
Added Component: Designator=D92(RGB LED)
Add component. Clean all parameters for all variants
Added Component: Designator=D93(RGB LED)
Add component. Clean all parameters for all variants
Added Component: Designator=D94(RGB LED)
Add component. Clean all parameters for all variants
Added Component: Designator=D95(RGB LED)
Add component. Clean all parameters for all variants
Added Component: Designator=D96(RGB LED)
Add component. Clean all parameters for all variants
Added Component: Designator=D97(RGB LED)
Add component. Clean all parameters for all variants
Added Component: Designator=D98(RGB LED)
Add component. Clean all parameters for all variants
Added Component: Designator=D99(RGB LED)
Add component. Clean all parameters for all variants
Added Component: Designator=D100(RGB LED)
Add component. Clean all parameters for all variants
Added Component: Designator=D101(RGB LED)
Add component. Clean all parameters for all variants
Added Component: Designator=D102(RGB LED)
Add component. Clean all parameters for all variants
Added Component: Designator=D103(RGB LED)
Add component. Clean all parameters for all variants
Added Component: Designator=D104(RGB LED)
Add component. Clean all parameters for all variants
Added Component: Designator=D105(RGB LED)
Add component. Clean all parameters for all variants
Added Component: Designator=D106(RGB LED)
Add component. Clean all parameters for all variants
Added Component: Designator=D107(RGB LED)
Add component. Clean all parameters for all variants
Added Component: Designator=D108(RGB LED)
Add component. Clean all parameters for all variants
Added Component: Designator=D109(RGB LED)
Add component. Clean all parameters for all variants
Added Component: Designator=D110(RGB LED)
Add component. Clean all parameters for all variants
Added Component: Designator=D111(RGB LED)
Add component. Clean all parameters for all variants
Added Component: Designator=D112(RGB LED)
Add component. Clean all parameters for all variants
Added Component: Designator=D113(RGB LED)
Add component. Clean all parameters for all variants
Added Component: Designator=D114(RGB LED)
Add component. Clean all parameters for all variants
Added Component: Designator=D115(RGB LED)
Add component. Clean all parameters for all variants
Added Component: Designator=D116(RGB LED)
Add component. Clean all parameters for all variants
Added Component: Designator=D117(RGB LED)
Add component. Clean all parameters for all variants
Added Component: Designator=D118(RGB LED)
Add component. Clean all parameters for all variants
Added Component: Designator=D119(RGB LED)
Add component. Clean all parameters for all variants
Added Component: Designator=D120(RGB LED)
Add component. Clean all parameters for all variants
Added Component: Designator=D121(RGB LED)
Add component. Clean all parameters for all variants
Added Component: Designator=D122(RGB LED)
Add component. Clean all parameters for all variants
Added Component: Designator=D123(RGB LED)
Add component. Clean all parameters for all variants
Added Component: Designator=D124(RGB LED)
Add component. Clean all parameters for all variants
Added Component: Designator=D125(RGB LED)
Add component. Clean all parameters for all variants
Added Component: Designator=D126(RGB LED)
Add component. Clean all parameters for all variants
Added Component: Designator=D127(RGB LED)
Add component. Clean all parameters for all variants
Added Component: Designator=D128(RGB LED)
Add component. Clean all parameters for all variants
Added Component: Designator=IC3(TLC59581)
Add component. Clean all parameters for all variants
Added Component: Designator=U1(TLC59581)
Add component. Clean all parameters for all variants
Added Pin To Net: NetName=1_LAT Pin=IC3-27
Added Pin To Net: NetName=1_LAT Pin=U1-27
Added Net: Name=1_LAT
Added Pin To Net: NetName=1_OUTB0_1 Pin=D65-3
Added Pin To Net: NetName=1_OUTB0_1 Pin=D81-3
Added Pin To Net: NetName=1_OUTB0_1 Pin=U1-10
Added Net: Name=1_OUTB0_1
Added Pin To Net: NetName=1_OUTB0 Pin=D97-3
Added Pin To Net: NetName=1_OUTB0 Pin=D113-3
Added Pin To Net: NetName=1_OUTB0 Pin=IC3-10
Added Net: Name=1_OUTB0
Added Pin To Net: NetName=1_OUTB1_1 Pin=D66-3
Added Pin To Net: NetName=1_OUTB1_1 Pin=D82-3
Added Pin To Net: NetName=1_OUTB1_1 Pin=U1-13
Added Net: Name=1_OUTB1_1
Added Pin To Net: NetName=1_OUTB1 Pin=D98-3
Added Pin To Net: NetName=1_OUTB1 Pin=D114-3
Added Pin To Net: NetName=1_OUTB1 Pin=IC3-13
Added Net: Name=1_OUTB1
Added Pin To Net: NetName=1_OUTB2_1 Pin=D67-3
Added Pin To Net: NetName=1_OUTB2_1 Pin=D83-3
Added Pin To Net: NetName=1_OUTB2_1 Pin=U1-16
Added Net: Name=1_OUTB2_1
Added Pin To Net: NetName=1_OUTB2 Pin=D99-3
Added Pin To Net: NetName=1_OUTB2 Pin=D115-3
Added Pin To Net: NetName=1_OUTB2 Pin=IC3-16
Added Net: Name=1_OUTB2
Added Pin To Net: NetName=1_OUTB3_1 Pin=D68-3
Added Pin To Net: NetName=1_OUTB3_1 Pin=D84-3
Added Pin To Net: NetName=1_OUTB3_1 Pin=U1-19
Added Net: Name=1_OUTB3_1
Added Pin To Net: NetName=1_OUTB3 Pin=D100-3
Added Pin To Net: NetName=1_OUTB3 Pin=D116-3
Added Pin To Net: NetName=1_OUTB3 Pin=IC3-19
Added Net: Name=1_OUTB3
Added Pin To Net: NetName=1_OUTB4_1 Pin=D69-3
Added Pin To Net: NetName=1_OUTB4_1 Pin=D85-3
Added Pin To Net: NetName=1_OUTB4_1 Pin=U1-22
Added Net: Name=1_OUTB4_1
Added Pin To Net: NetName=1_OUTB4 Pin=D101-3
Added Pin To Net: NetName=1_OUTB4 Pin=D117-3
Added Pin To Net: NetName=1_OUTB4 Pin=IC3-22
Added Net: Name=1_OUTB4
Added Pin To Net: NetName=1_OUTB5_1 Pin=D70-3
Added Pin To Net: NetName=1_OUTB5_1 Pin=D86-3
Added Pin To Net: NetName=1_OUTB5_1 Pin=U1-25
Added Net: Name=1_OUTB5_1
Added Pin To Net: NetName=1_OUTB5 Pin=D102-3
Added Pin To Net: NetName=1_OUTB5 Pin=D118-3
Added Pin To Net: NetName=1_OUTB5 Pin=IC3-25
Added Net: Name=1_OUTB5
Added Pin To Net: NetName=1_OUTB6_1 Pin=D71-3
Added Pin To Net: NetName=1_OUTB6_1 Pin=D87-3
Added Pin To Net: NetName=1_OUTB6_1 Pin=U1-32
Added Net: Name=1_OUTB6_1
Added Pin To Net: NetName=1_OUTB6 Pin=D103-3
Added Pin To Net: NetName=1_OUTB6 Pin=D119-3
Added Pin To Net: NetName=1_OUTB6 Pin=IC3-32
Added Net: Name=1_OUTB6
Added Pin To Net: NetName=1_OUTB7_1 Pin=D72-3
Added Pin To Net: NetName=1_OUTB7_1 Pin=D88-3
Added Pin To Net: NetName=1_OUTB7_1 Pin=U1-35
Added Net: Name=1_OUTB7_1
Added Pin To Net: NetName=1_OUTB7 Pin=D104-3
Added Pin To Net: NetName=1_OUTB7 Pin=D120-3
Added Pin To Net: NetName=1_OUTB7 Pin=IC3-35
Added Net: Name=1_OUTB7
Added Pin To Net: NetName=1_OUTB8_1 Pin=D80-3
Added Pin To Net: NetName=1_OUTB8_1 Pin=D96-3
Added Pin To Net: NetName=1_OUTB8_1 Pin=U1-38
Added Net: Name=1_OUTB8_1
Added Pin To Net: NetName=1_OUTB8 Pin=D112-3
Added Pin To Net: NetName=1_OUTB8 Pin=D128-3
Added Pin To Net: NetName=1_OUTB8 Pin=IC3-38
Added Net: Name=1_OUTB8
Added Pin To Net: NetName=1_OUTB9_1 Pin=D79-3
Added Pin To Net: NetName=1_OUTB9_1 Pin=D95-3
Added Pin To Net: NetName=1_OUTB9_1 Pin=U1-41
Added Net: Name=1_OUTB9_1
Added Pin To Net: NetName=1_OUTB9 Pin=D111-3
Added Pin To Net: NetName=1_OUTB9 Pin=D127-3
Added Pin To Net: NetName=1_OUTB9 Pin=IC3-41
Added Net: Name=1_OUTB9
Added Pin To Net: NetName=1_OUTB10_1 Pin=D78-3
Added Pin To Net: NetName=1_OUTB10_1 Pin=D94-3
Added Pin To Net: NetName=1_OUTB10_1 Pin=U1-46
Added Net: Name=1_OUTB10_1
Added Pin To Net: NetName=1_OUTB10 Pin=D110-3
Added Pin To Net: NetName=1_OUTB10 Pin=D126-3
Added Pin To Net: NetName=1_OUTB10 Pin=IC3-46
Added Net: Name=1_OUTB10
Added Pin To Net: NetName=1_OUTB11_1 Pin=D77-3
Added Pin To Net: NetName=1_OUTB11_1 Pin=D93-3
Added Pin To Net: NetName=1_OUTB11_1 Pin=U1-49
Added Net: Name=1_OUTB11_1
Added Pin To Net: NetName=1_OUTB11 Pin=D109-3
Added Pin To Net: NetName=1_OUTB11 Pin=D125-3
Added Pin To Net: NetName=1_OUTB11 Pin=IC3-49
Added Net: Name=1_OUTB11
Added Pin To Net: NetName=1_OUTB12_1 Pin=D76-3
Added Pin To Net: NetName=1_OUTB12_1 Pin=D92-3
Added Pin To Net: NetName=1_OUTB12_1 Pin=U1-52
Added Net: Name=1_OUTB12_1
Added Pin To Net: NetName=1_OUTB12 Pin=D108-3
Added Pin To Net: NetName=1_OUTB12 Pin=D124-3
Added Pin To Net: NetName=1_OUTB12 Pin=IC3-52
Added Net: Name=1_OUTB12
Added Pin To Net: NetName=1_OUTB13_1 Pin=D75-3
Added Pin To Net: NetName=1_OUTB13_1 Pin=D91-3
Added Pin To Net: NetName=1_OUTB13_1 Pin=U1-55
Added Net: Name=1_OUTB13_1
Added Pin To Net: NetName=1_OUTB13 Pin=D107-3
Added Pin To Net: NetName=1_OUTB13 Pin=D123-3
Added Pin To Net: NetName=1_OUTB13 Pin=IC3-55
Added Net: Name=1_OUTB13
Added Pin To Net: NetName=1_OUTB14_1 Pin=D74-3
Added Pin To Net: NetName=1_OUTB14_1 Pin=D90-3
Added Pin To Net: NetName=1_OUTB14_1 Pin=U1-4
Added Net: Name=1_OUTB14_1
Added Pin To Net: NetName=1_OUTB14 Pin=D106-3
Added Pin To Net: NetName=1_OUTB14 Pin=D122-3
Added Pin To Net: NetName=1_OUTB14 Pin=IC3-4
Added Net: Name=1_OUTB14
Added Pin To Net: NetName=1_OUTB15_1 Pin=D73-3
Added Pin To Net: NetName=1_OUTB15_1 Pin=D89-3
Added Pin To Net: NetName=1_OUTB15_1 Pin=U1-7
Added Net: Name=1_OUTB15_1
Added Pin To Net: NetName=1_OUTB15 Pin=D105-3
Added Pin To Net: NetName=1_OUTB15 Pin=D121-3
Added Pin To Net: NetName=1_OUTB15 Pin=IC3-7
Added Net: Name=1_OUTB15
Added Pin To Net: NetName=1_OUTG0_1 Pin=D65-2
Added Pin To Net: NetName=1_OUTG0_1 Pin=D81-2
Added Pin To Net: NetName=1_OUTG0_1 Pin=U1-9
Added Net: Name=1_OUTG0_1
Added Pin To Net: NetName=1_OUTG0 Pin=D97-2
Added Pin To Net: NetName=1_OUTG0 Pin=D113-2
Added Pin To Net: NetName=1_OUTG0 Pin=IC3-9
Added Net: Name=1_OUTG0
Added Pin To Net: NetName=1_OUTG1_1 Pin=D66-2
Added Pin To Net: NetName=1_OUTG1_1 Pin=D82-2
Added Pin To Net: NetName=1_OUTG1_1 Pin=U1-12
Added Net: Name=1_OUTG1_1
Added Pin To Net: NetName=1_OUTG1 Pin=D98-2
Added Pin To Net: NetName=1_OUTG1 Pin=D114-2
Added Pin To Net: NetName=1_OUTG1 Pin=IC3-12
Added Net: Name=1_OUTG1
Added Pin To Net: NetName=1_OUTG2_1 Pin=D67-2
Added Pin To Net: NetName=1_OUTG2_1 Pin=D83-2
Added Pin To Net: NetName=1_OUTG2_1 Pin=U1-15
Added Net: Name=1_OUTG2_1
Added Pin To Net: NetName=1_OUTG2 Pin=D99-2
Added Pin To Net: NetName=1_OUTG2 Pin=D115-2
Added Pin To Net: NetName=1_OUTG2 Pin=IC3-15
Added Net: Name=1_OUTG2
Added Pin To Net: NetName=1_OUTG3_1 Pin=D68-2
Added Pin To Net: NetName=1_OUTG3_1 Pin=D84-2
Added Pin To Net: NetName=1_OUTG3_1 Pin=U1-18
Added Net: Name=1_OUTG3_1
Added Pin To Net: NetName=1_OUTG3 Pin=D100-2
Added Pin To Net: NetName=1_OUTG3 Pin=D116-2
Added Pin To Net: NetName=1_OUTG3 Pin=IC3-18
Added Net: Name=1_OUTG3
Added Pin To Net: NetName=1_OUTG4_1 Pin=D69-2
Added Pin To Net: NetName=1_OUTG4_1 Pin=D85-2
Added Pin To Net: NetName=1_OUTG4_1 Pin=U1-21
Added Net: Name=1_OUTG4_1
Added Pin To Net: NetName=1_OUTG4 Pin=D101-2
Added Pin To Net: NetName=1_OUTG4 Pin=D117-2
Added Pin To Net: NetName=1_OUTG4 Pin=IC3-21
Added Net: Name=1_OUTG4
Added Pin To Net: NetName=1_OUTG5_1 Pin=D70-2
Added Pin To Net: NetName=1_OUTG5_1 Pin=D86-2
Added Pin To Net: NetName=1_OUTG5_1 Pin=U1-24
Added Net: Name=1_OUTG5_1
Added Pin To Net: NetName=1_OUTG5 Pin=D102-2
Added Pin To Net: NetName=1_OUTG5 Pin=D118-2
Added Pin To Net: NetName=1_OUTG5 Pin=IC3-24
Added Net: Name=1_OUTG5
Added Pin To Net: NetName=1_OUTG6_1 Pin=D71-2
Added Pin To Net: NetName=1_OUTG6_1 Pin=D87-2
Added Pin To Net: NetName=1_OUTG6_1 Pin=U1-31
Added Net: Name=1_OUTG6_1
Added Pin To Net: NetName=1_OUTG6 Pin=D103-2
Added Pin To Net: NetName=1_OUTG6 Pin=D119-2
Added Pin To Net: NetName=1_OUTG6 Pin=IC3-31
Added Net: Name=1_OUTG6
Added Pin To Net: NetName=1_OUTG7_1 Pin=D72-2
Added Pin To Net: NetName=1_OUTG7_1 Pin=D88-2
Added Pin To Net: NetName=1_OUTG7_1 Pin=U1-34
Added Net: Name=1_OUTG7_1
Added Pin To Net: NetName=1_OUTG7 Pin=D104-2
Added Pin To Net: NetName=1_OUTG7 Pin=D120-2
Added Pin To Net: NetName=1_OUTG7 Pin=IC3-34
Added Net: Name=1_OUTG7
Added Pin To Net: NetName=1_OUTG8_1 Pin=D80-2
Added Pin To Net: NetName=1_OUTG8_1 Pin=D96-2
Added Pin To Net: NetName=1_OUTG8_1 Pin=U1-37
Added Net: Name=1_OUTG8_1
Added Pin To Net: NetName=1_OUTG8 Pin=D112-2
Added Pin To Net: NetName=1_OUTG8 Pin=D128-2
Added Pin To Net: NetName=1_OUTG8 Pin=IC3-37
Added Net: Name=1_OUTG8
Added Pin To Net: NetName=1_OUTG9_1 Pin=D79-2
Added Pin To Net: NetName=1_OUTG9_1 Pin=D95-2
Added Pin To Net: NetName=1_OUTG9_1 Pin=U1-40
Added Net: Name=1_OUTG9_1
Added Pin To Net: NetName=1_OUTG9 Pin=D111-2
Added Pin To Net: NetName=1_OUTG9 Pin=D127-2
Added Pin To Net: NetName=1_OUTG9 Pin=IC3-40
Added Net: Name=1_OUTG9
Added Pin To Net: NetName=1_OUTG10_1 Pin=D78-2
Added Pin To Net: NetName=1_OUTG10_1 Pin=D94-2
Added Pin To Net: NetName=1_OUTG10_1 Pin=U1-45
Added Net: Name=1_OUTG10_1
Added Pin To Net: NetName=1_OUTG10 Pin=D110-2
Added Pin To Net: NetName=1_OUTG10 Pin=D126-2
Added Pin To Net: NetName=1_OUTG10 Pin=IC3-45
Added Net: Name=1_OUTG10
Added Pin To Net: NetName=1_OUTG11_1 Pin=D77-2
Added Pin To Net: NetName=1_OUTG11_1 Pin=D93-2
Added Pin To Net: NetName=1_OUTG11_1 Pin=U1-48
Added Net: Name=1_OUTG11_1
Added Pin To Net: NetName=1_OUTG11 Pin=D109-2
Added Pin To Net: NetName=1_OUTG11 Pin=D125-2
Added Pin To Net: NetName=1_OUTG11 Pin=IC3-48
Added Net: Name=1_OUTG11
Added Pin To Net: NetName=1_OUTG12_1 Pin=D76-2
Added Pin To Net: NetName=1_OUTG12_1 Pin=D92-2
Added Pin To Net: NetName=1_OUTG12_1 Pin=U1-51
Added Net: Name=1_OUTG12_1
Added Pin To Net: NetName=1_OUTG12 Pin=D108-2
Added Pin To Net: NetName=1_OUTG12 Pin=D124-2
Added Pin To Net: NetName=1_OUTG12 Pin=IC3-51
Added Net: Name=1_OUTG12
Added Pin To Net: NetName=1_OUTG13_1 Pin=D75-2
Added Pin To Net: NetName=1_OUTG13_1 Pin=D91-2
Added Pin To Net: NetName=1_OUTG13_1 Pin=U1-54
Added Net: Name=1_OUTG13_1
Added Pin To Net: NetName=1_OUTG13 Pin=D107-2
Added Pin To Net: NetName=1_OUTG13 Pin=D123-2
Added Pin To Net: NetName=1_OUTG13 Pin=IC3-54
Added Net: Name=1_OUTG13
Added Pin To Net: NetName=1_OUTG14_1 Pin=D74-2
Added Pin To Net: NetName=1_OUTG14_1 Pin=D90-2
Added Pin To Net: NetName=1_OUTG14_1 Pin=U1-3
Added Net: Name=1_OUTG14_1
Added Pin To Net: NetName=1_OUTG14 Pin=D106-2
Added Pin To Net: NetName=1_OUTG14 Pin=D122-2
Added Pin To Net: NetName=1_OUTG14 Pin=IC3-3
Added Net: Name=1_OUTG14
Added Pin To Net: NetName=1_OUTG15_1 Pin=D73-2
Added Pin To Net: NetName=1_OUTG15_1 Pin=D89-2
Added Pin To Net: NetName=1_OUTG15_1 Pin=U1-6
Added Net: Name=1_OUTG15_1
Added Pin To Net: NetName=1_OUTG15 Pin=D105-2
Added Pin To Net: NetName=1_OUTG15 Pin=D121-2
Added Pin To Net: NetName=1_OUTG15 Pin=IC3-6
Added Net: Name=1_OUTG15
Added Pin To Net: NetName=1_OUTR0_1 Pin=D65-1
Added Pin To Net: NetName=1_OUTR0_1 Pin=D81-1
Added Pin To Net: NetName=1_OUTR0_1 Pin=U1-8
Added Net: Name=1_OUTR0_1
Added Pin To Net: NetName=1_OUTR0 Pin=D97-1
Added Pin To Net: NetName=1_OUTR0 Pin=D113-1
Added Pin To Net: NetName=1_OUTR0 Pin=IC3-8
Added Net: Name=1_OUTR0
Added Pin To Net: NetName=1_OUTR1_1 Pin=D66-1
Added Pin To Net: NetName=1_OUTR1_1 Pin=D82-1
Added Pin To Net: NetName=1_OUTR1_1 Pin=U1-11
Added Net: Name=1_OUTR1_1
Added Pin To Net: NetName=1_OUTR1 Pin=D98-1
Added Pin To Net: NetName=1_OUTR1 Pin=D114-1
Added Pin To Net: NetName=1_OUTR1 Pin=IC3-11
Added Net: Name=1_OUTR1
Added Pin To Net: NetName=1_OUTR2_1 Pin=D67-1
Added Pin To Net: NetName=1_OUTR2_1 Pin=D83-1
Added Pin To Net: NetName=1_OUTR2_1 Pin=U1-14
Added Net: Name=1_OUTR2_1
Added Pin To Net: NetName=1_OUTR2 Pin=D99-1
Added Pin To Net: NetName=1_OUTR2 Pin=D115-1
Added Pin To Net: NetName=1_OUTR2 Pin=IC3-14
Added Net: Name=1_OUTR2
Added Pin To Net: NetName=1_OUTR3_1 Pin=D68-1
Added Pin To Net: NetName=1_OUTR3_1 Pin=D84-1
Added Pin To Net: NetName=1_OUTR3_1 Pin=U1-17
Added Net: Name=1_OUTR3_1
Added Pin To Net: NetName=1_OUTR3 Pin=D100-1
Added Pin To Net: NetName=1_OUTR3 Pin=D116-1
Added Pin To Net: NetName=1_OUTR3 Pin=IC3-17
Added Net: Name=1_OUTR3
Added Pin To Net: NetName=1_OUTR4_1 Pin=D69-1
Added Pin To Net: NetName=1_OUTR4_1 Pin=D85-1
Added Pin To Net: NetName=1_OUTR4_1 Pin=U1-20
Added Net: Name=1_OUTR4_1
Added Pin To Net: NetName=1_OUTR4 Pin=D101-1
Added Pin To Net: NetName=1_OUTR4 Pin=D117-1
Added Pin To Net: NetName=1_OUTR4 Pin=IC3-20
Added Net: Name=1_OUTR4
Added Pin To Net: NetName=1_OUTR5_1 Pin=D70-1
Added Pin To Net: NetName=1_OUTR5_1 Pin=D86-1
Added Pin To Net: NetName=1_OUTR5_1 Pin=U1-23
Added Net: Name=1_OUTR5_1
Added Pin To Net: NetName=1_OUTR5 Pin=D102-1
Added Pin To Net: NetName=1_OUTR5 Pin=D118-1
Added Pin To Net: NetName=1_OUTR5 Pin=IC3-23
Added Net: Name=1_OUTR5
Added Pin To Net: NetName=1_OUTR6_1 Pin=D71-1
Added Pin To Net: NetName=1_OUTR6_1 Pin=D87-1
Added Pin To Net: NetName=1_OUTR6_1 Pin=U1-30
Added Net: Name=1_OUTR6_1
Added Pin To Net: NetName=1_OUTR6 Pin=D103-1
Added Pin To Net: NetName=1_OUTR6 Pin=D119-1
Added Pin To Net: NetName=1_OUTR6 Pin=IC3-30
Added Net: Name=1_OUTR6
Added Pin To Net: NetName=1_OUTR7_1 Pin=D72-1
Added Pin To Net: NetName=1_OUTR7_1 Pin=D88-1
Added Pin To Net: NetName=1_OUTR7_1 Pin=U1-33
Added Net: Name=1_OUTR7_1
Added Pin To Net: NetName=1_OUTR7 Pin=D104-1
Added Pin To Net: NetName=1_OUTR7 Pin=D120-1
Added Pin To Net: NetName=1_OUTR7 Pin=IC3-33
Added Net: Name=1_OUTR7
Added Pin To Net: NetName=1_OUTR8_1 Pin=D80-1
Added Pin To Net: NetName=1_OUTR8_1 Pin=D96-1
Added Pin To Net: NetName=1_OUTR8_1 Pin=U1-36
Added Net: Name=1_OUTR8_1
Added Pin To Net: NetName=1_OUTR8 Pin=D112-1
Added Pin To Net: NetName=1_OUTR8 Pin=D128-1
Added Pin To Net: NetName=1_OUTR8 Pin=IC3-36
Added Net: Name=1_OUTR8
Added Pin To Net: NetName=1_OUTR9_1 Pin=D79-1
Added Pin To Net: NetName=1_OUTR9_1 Pin=D95-1
Added Pin To Net: NetName=1_OUTR9_1 Pin=U1-39
Added Net: Name=1_OUTR9_1
Added Pin To Net: NetName=1_OUTR9 Pin=D111-1
Added Pin To Net: NetName=1_OUTR9 Pin=D127-1
Added Pin To Net: NetName=1_OUTR9 Pin=IC3-39
Added Net: Name=1_OUTR9
Added Pin To Net: NetName=1_OUTR10_1 Pin=D78-1
Added Pin To Net: NetName=1_OUTR10_1 Pin=D94-1
Added Pin To Net: NetName=1_OUTR10_1 Pin=U1-44
Added Net: Name=1_OUTR10_1
Added Pin To Net: NetName=1_OUTR10 Pin=D110-1
Added Pin To Net: NetName=1_OUTR10 Pin=D126-1
Added Pin To Net: NetName=1_OUTR10 Pin=IC3-44
Added Net: Name=1_OUTR10
Added Pin To Net: NetName=1_OUTR11_1 Pin=D77-1
Added Pin To Net: NetName=1_OUTR11_1 Pin=D93-1
Added Pin To Net: NetName=1_OUTR11_1 Pin=U1-47
Added Net: Name=1_OUTR11_1
Added Pin To Net: NetName=1_OUTR11 Pin=D109-1
Added Pin To Net: NetName=1_OUTR11 Pin=D125-1
Added Pin To Net: NetName=1_OUTR11 Pin=IC3-47
Added Net: Name=1_OUTR11
Added Pin To Net: NetName=1_OUTR12_1 Pin=D76-1
Added Pin To Net: NetName=1_OUTR12_1 Pin=D92-1
Added Pin To Net: NetName=1_OUTR12_1 Pin=U1-50
Added Net: Name=1_OUTR12_1
Added Pin To Net: NetName=1_OUTR12 Pin=D108-1
Added Pin To Net: NetName=1_OUTR12 Pin=D124-1
Added Pin To Net: NetName=1_OUTR12 Pin=IC3-50
Added Net: Name=1_OUTR12
Added Pin To Net: NetName=1_OUTR13_1 Pin=D75-1
Added Pin To Net: NetName=1_OUTR13_1 Pin=D91-1
Added Pin To Net: NetName=1_OUTR13_1 Pin=U1-53
Added Net: Name=1_OUTR13_1
Added Pin To Net: NetName=1_OUTR13 Pin=D107-1
Added Pin To Net: NetName=1_OUTR13 Pin=D123-1
Added Pin To Net: NetName=1_OUTR13 Pin=IC3-53
Added Net: Name=1_OUTR13
Added Pin To Net: NetName=1_OUTR14_1 Pin=D74-1
Added Pin To Net: NetName=1_OUTR14_1 Pin=D90-1
Added Pin To Net: NetName=1_OUTR14_1 Pin=U1-2
Added Net: Name=1_OUTR14_1
Added Pin To Net: NetName=1_OUTR14 Pin=D106-1
Added Pin To Net: NetName=1_OUTR14 Pin=D122-1
Added Pin To Net: NetName=1_OUTR14 Pin=IC3-2
Added Net: Name=1_OUTR14
Added Pin To Net: NetName=1_OUTR15_1 Pin=D73-1
Added Pin To Net: NetName=1_OUTR15_1 Pin=D89-1
Added Pin To Net: NetName=1_OUTR15_1 Pin=U1-5
Added Net: Name=1_OUTR15_1
Added Pin To Net: NetName=1_OUTR15 Pin=D105-1
Added Pin To Net: NetName=1_OUTR15 Pin=D121-1
Added Pin To Net: NetName=1_OUTR15 Pin=IC3-5
Added Net: Name=1_OUTR15
Added Pin To Net: NetName=1_SCLK Pin=IC3-28
Added Pin To Net: NetName=1_SCLK Pin=U1-28
Added Net: Name=1_SCLK
Added Pin To Net: NetName=1_SIN Pin=IC3-26
Added Pin To Net: NetName=1_SIN Pin=U1-26
Added Net: Name=1_SIN
Added Pin To Net: NetName=V1 Pin=D65-4
Added Pin To Net: NetName=V1 Pin=D66-4
Added Pin To Net: NetName=V1 Pin=D67-4
Added Pin To Net: NetName=V1 Pin=D68-4
Added Pin To Net: NetName=V1 Pin=D69-4
Added Pin To Net: NetName=V1 Pin=D70-4
Added Pin To Net: NetName=V1 Pin=D71-4
Added Pin To Net: NetName=V1 Pin=D72-4
Added Pin To Net: NetName=V1 Pin=D73-4
Added Pin To Net: NetName=V1 Pin=D74-4
Added Pin To Net: NetName=V1 Pin=D75-4
Added Pin To Net: NetName=V1 Pin=D76-4
Added Pin To Net: NetName=V1 Pin=D77-4
Added Pin To Net: NetName=V1 Pin=D78-4
Added Pin To Net: NetName=V1 Pin=D79-4
Added Pin To Net: NetName=V1 Pin=D80-4
Added Pin To Net: NetName=V1 Pin=D97-4
Added Pin To Net: NetName=V1 Pin=D98-4
Added Pin To Net: NetName=V1 Pin=D99-4
Added Pin To Net: NetName=V1 Pin=D100-4
Added Pin To Net: NetName=V1 Pin=D101-4
Added Pin To Net: NetName=V1 Pin=D102-4
Added Pin To Net: NetName=V1 Pin=D103-4
Added Pin To Net: NetName=V1 Pin=D104-4
Added Pin To Net: NetName=V1 Pin=D105-4
Added Pin To Net: NetName=V1 Pin=D106-4
Added Pin To Net: NetName=V1 Pin=D107-4
Added Pin To Net: NetName=V1 Pin=D108-4
Added Pin To Net: NetName=V1 Pin=D109-4
Added Pin To Net: NetName=V1 Pin=D110-4
Added Pin To Net: NetName=V1 Pin=D111-4
Added Pin To Net: NetName=V1 Pin=D112-4
Added Net: Name=V1
Added Pin To Net: NetName=V2 Pin=D81-4
Added Pin To Net: NetName=V2 Pin=D82-4
Added Pin To Net: NetName=V2 Pin=D83-4
Added Pin To Net: NetName=V2 Pin=D84-4
Added Pin To Net: NetName=V2 Pin=D85-4
Added Pin To Net: NetName=V2 Pin=D86-4
Added Pin To Net: NetName=V2 Pin=D87-4
Added Pin To Net: NetName=V2 Pin=D88-4
Added Pin To Net: NetName=V2 Pin=D89-4
Added Pin To Net: NetName=V2 Pin=D90-4
Added Pin To Net: NetName=V2 Pin=D91-4
Added Pin To Net: NetName=V2 Pin=D92-4
Added Pin To Net: NetName=V2 Pin=D93-4
Added Pin To Net: NetName=V2 Pin=D94-4
Added Pin To Net: NetName=V2 Pin=D95-4
Added Pin To Net: NetName=V2 Pin=D96-4
Added Pin To Net: NetName=V2 Pin=D113-4
Added Pin To Net: NetName=V2 Pin=D114-4
Added Pin To Net: NetName=V2 Pin=D115-4
Added Pin To Net: NetName=V2 Pin=D116-4
Added Pin To Net: NetName=V2 Pin=D117-4
Added Pin To Net: NetName=V2 Pin=D118-4
Added Pin To Net: NetName=V2 Pin=D119-4
Added Pin To Net: NetName=V2 Pin=D120-4
Added Pin To Net: NetName=V2 Pin=D121-4
Added Pin To Net: NetName=V2 Pin=D122-4
Added Pin To Net: NetName=V2 Pin=D123-4
Added Pin To Net: NetName=V2 Pin=D124-4
Added Pin To Net: NetName=V2 Pin=D125-4
Added Pin To Net: NetName=V2 Pin=D126-4
Added Pin To Net: NetName=V2 Pin=D127-4
Added Pin To Net: NetName=V2 Pin=D128-4
Added Net: Name=V2
Added Class: Name=Sheet3
Added Class: Name=TLC59581
Added Member To Class: ClassName=Sheet1 Member=Component C2 Cap2
Added Member To Class: ClassName=TLC5955 Member=Component C4 Cap2
Added Member To Class: ClassName=TLC5955 Member=Component C5 Cap2
Added Member To Class: ClassName=TLC5955 Member=Component IC1 TLC5955
Added Member To Class: ClassName=Sheet1 Member=Component IC2 TLC5955
Added Room: Name=Sheet1
Added Room: Name=Sheet3
Added Room: Name=TLC5955
Added Room: Name=TLC59581
