Change Physical Footprint: Designator=C1 Old Footprint=CAPR5-4X5 New Footprint=CAPR5-4X5
Change Physical Footprint: Designator=C2 Old Footprint=CAPR5-4X5 New Footprint=CAPR5-4X5
Change Physical Footprint: Designator=C3 Old Footprint=0805 Capacitor New Footprint=0805 Capacitor
Change Physical Footprint: Designator=C4 Old Footprint=CAPR5-4X5 New Footprint=CAPR5-4X5
Change Physical Footprint: Designator=C5 Old Footprint=CAPR5-4X5 New Footprint=CAPR5-4X5
Change Physical Footprint: Designator=C6 Old Footprint=0805 Capacitor New Footprint=0805 Capacitor
Change Physical Footprint: Designator=D1 Old Footprint=RGB LED New Footprint=RGB LED
Change Physical Footprint: Designator=D2 Old Footprint=RGB LED New Footprint=RGB LED
Change Physical Footprint: Designator=D3 Old Footprint=RGB LED New Footprint=RGB LED
Change Physical Footprint: Designator=D4 Old Footprint=RGB LED New Footprint=RGB LED
Change Physical Footprint: Designator=D5 Old Footprint=RGB LED New Footprint=RGB LED
Change Physical Footprint: Designator=D6 Old Footprint=RGB LED New Footprint=RGB LED
Change Physical Footprint: Designator=D7 Old Footprint=RGB LED New Footprint=RGB LED
Change Physical Footprint: Designator=D8 Old Footprint=RGB LED New Footprint=RGB LED
Change Physical Footprint: Designator=D9 Old Footprint=RGB LED New Footprint=RGB LED
Change Physical Footprint: Designator=D10 Old Footprint=RGB LED New Footprint=RGB LED
Change Physical Footprint: Designator=D11 Old Footprint=RGB LED New Footprint=RGB LED
Change Physical Footprint: Designator=D12 Old Footprint=RGB LED New Footprint=RGB LED
Change Physical Footprint: Designator=D13 Old Footprint=RGB LED New Footprint=RGB LED
Change Physical Footprint: Designator=D14 Old Footprint=RGB LED New Footprint=RGB LED
Change Physical Footprint: Designator=D15 Old Footprint=RGB LED New Footprint=RGB LED
Change Physical Footprint: Designator=D16 Old Footprint=RGB LED New Footprint=RGB LED
Change Physical Footprint: Designator=D17 Old Footprint=RGB LED New Footprint=RGB LED
Change Physical Footprint: Designator=D18 Old Footprint=RGB LED New Footprint=RGB LED
Change Physical Footprint: Designator=D19 Old Footprint=RGB LED New Footprint=RGB LED
Change Physical Footprint: Designator=D20 Old Footprint=RGB LED New Footprint=RGB LED
Change Physical Footprint: Designator=D21 Old Footprint=RGB LED New Footprint=RGB LED
Change Physical Footprint: Designator=D22 Old Footprint=RGB LED New Footprint=RGB LED
Change Physical Footprint: Designator=D23 Old Footprint=RGB LED New Footprint=RGB LED
Change Physical Footprint: Designator=D24 Old Footprint=RGB LED New Footprint=RGB LED
Change Physical Footprint: Designator=D25 Old Footprint=RGB LED New Footprint=RGB LED
Change Physical Footprint: Designator=D26 Old Footprint=RGB LED New Footprint=RGB LED
Change Physical Footprint: Designator=D27 Old Footprint=RGB LED New Footprint=RGB LED
Change Physical Footprint: Designator=D28 Old Footprint=RGB LED New Footprint=RGB LED
Change Physical Footprint: Designator=D29 Old Footprint=RGB LED New Footprint=RGB LED
Change Physical Footprint: Designator=D30 Old Footprint=RGB LED New Footprint=RGB LED
Change Physical Footprint: Designator=D31 Old Footprint=RGB LED New Footprint=RGB LED
Change Physical Footprint: Designator=D32 Old Footprint=RGB LED New Footprint=RGB LED
Change Physical Footprint: Designator=D33 Old Footprint=RGB LED New Footprint=RGB LED
Change Physical Footprint: Designator=D34 Old Footprint=RGB LED New Footprint=RGB LED
Change Physical Footprint: Designator=D35 Old Footprint=RGB LED New Footprint=RGB LED
Change Physical Footprint: Designator=D36 Old Footprint=RGB LED New Footprint=RGB LED
Change Physical Footprint: Designator=D37 Old Footprint=RGB LED New Footprint=RGB LED
Change Physical Footprint: Designator=D38 Old Footprint=RGB LED New Footprint=RGB LED
Change Physical Footprint: Designator=D39 Old Footprint=RGB LED New Footprint=RGB LED
Change Physical Footprint: Designator=D40 Old Footprint=RGB LED New Footprint=RGB LED
Change Physical Footprint: Designator=D41 Old Footprint=RGB LED New Footprint=RGB LED
Change Physical Footprint: Designator=D42 Old Footprint=RGB LED New Footprint=RGB LED
Change Physical Footprint: Designator=D43 Old Footprint=RGB LED New Footprint=RGB LED
Change Physical Footprint: Designator=D44 Old Footprint=RGB LED New Footprint=RGB LED
Change Physical Footprint: Designator=D45 Old Footprint=RGB LED New Footprint=RGB LED
Change Physical Footprint: Designator=D46 Old Footprint=RGB LED New Footprint=RGB LED
Change Physical Footprint: Designator=D47 Old Footprint=RGB LED New Footprint=RGB LED
Change Physical Footprint: Designator=D48 Old Footprint=RGB LED New Footprint=RGB LED
Change Physical Footprint: Designator=D49 Old Footprint=RGB LED New Footprint=RGB LED
Change Physical Footprint: Designator=D50 Old Footprint=RGB LED New Footprint=RGB LED
Change Physical Footprint: Designator=D51 Old Footprint=RGB LED New Footprint=RGB LED
Change Physical Footprint: Designator=D52 Old Footprint=RGB LED New Footprint=RGB LED
Change Physical Footprint: Designator=D53 Old Footprint=RGB LED New Footprint=RGB LED
Change Physical Footprint: Designator=D54 Old Footprint=RGB LED New Footprint=RGB LED
Change Physical Footprint: Designator=D55 Old Footprint=RGB LED New Footprint=RGB LED
Change Physical Footprint: Designator=D56 Old Footprint=RGB LED New Footprint=RGB LED
Change Physical Footprint: Designator=D57 Old Footprint=RGB LED New Footprint=RGB LED
Change Physical Footprint: Designator=D58 Old Footprint=RGB LED New Footprint=RGB LED
Change Physical Footprint: Designator=D59 Old Footprint=RGB LED New Footprint=RGB LED
Change Physical Footprint: Designator=D60 Old Footprint=RGB LED New Footprint=RGB LED
Change Physical Footprint: Designator=D61 Old Footprint=RGB LED New Footprint=RGB LED
Change Physical Footprint: Designator=D62 Old Footprint=RGB LED New Footprint=RGB LED
Change Physical Footprint: Designator=D63 Old Footprint=RGB LED New Footprint=RGB LED
Change Physical Footprint: Designator=D64 Old Footprint=RGB LED New Footprint=RGB LED
Change Physical Footprint: Designator=IC1 Old Footprint=TLC5955 New Footprint=TLC5955
Change Physical Footprint: Designator=IC2 Old Footprint=TLC5955 New Footprint=TLC5955
Change Physical Footprint: Designator=P1 Old Footprint=HDR1X10 New Footprint=HDR1X10
Change Physical Footprint: Designator=P2 Old Footprint=HDR1X10 New Footprint=HDR1X10
