#-----------------------------------------------------------
# Vivado v2019.1 (64-bit)
# SW Build 2552052 on Fri May 24 14:49:42 MDT 2019
# IP Build 2548770 on Fri May 24 18:01:18 MDT 2019
# Start of session at: Sat Mar 14 19:38:22 2020
# Process ID: 12368
# Current directory: C:/Users/abuba/Documents/POV Fan Project/POV_Project/POV_Project/VHDL Files/Strip
# Command line: vivado.exe -gui_launcher_event rodinguilauncherevent1880 C:\Users\abuba\Documents\POV Fan Project\POV_Project\POV_Project\VHDL Files\Strip\Addressable_Strips.xpr
# Log file: C:/Users/abuba/Documents/POV Fan Project/POV_Project/POV_Project/VHDL Files/Strip/vivado.log
# Journal file: C:/Users/abuba/Documents/POV Fan Project/POV_Project/POV_Project/VHDL Files/Strip\vivado.jou
#-----------------------------------------------------------
start_gui
open_project {C:/Users/abuba/Documents/POV Fan Project/POV_Project/POV_Project/VHDL Files/Strip/Addressable_Strips.xpr}
INFO: [ProjectBase 1-489] The host OS only allows 260 characters in a normal path. The project is stored in a path with more than 80 characters. If you experience issues with IP, Block Designs, or files not being found, please consider moving the project to a location with a shorter path. Alternately consider using the OS subst command to map part of the path to a drive letter.
Current project path is 'C:/Users/abuba/Documents/POV Fan Project/POV_Project/POV_Project/VHDL Files/Strip'
Scanning sources...
Finished scanning sources
WARNING: [filemgmt 56-3] Board Part Repository Path: Could not find the directory 'C:/Users/abuba/Documents/AppData/Roaming/Xilinx/Vivado/2019.1/xhub/board_store'.
INFO: [IP_Flow 19-234] Refreshing IP repositories
INFO: [IP_Flow 19-1704] No user IP repositories specified
INFO: [IP_Flow 19-2313] Loaded Vivado IP repository 'C:/Xilinx/Vivado/2019.1/data/ip'.
open_project: Time (s): cpu = 00:00:18 ; elapsed = 00:00:07 . Memory (MB): peak = 777.688 ; gain = 83.250
update_compile_order -fileset sources_1
exit
INFO: [Common 17-206] Exiting Vivado at Sat Mar 14 20:06:18 2020...
r url TCP:localhost:3121
open_hw_target
INFO: [Labtoolstcl 44-466] Opening hw_target localhost:3121/xilinx_tcf/Digilent/210328AD3F3AA
open_hw_target: Time (s): cpu = 00:00:06 ; elapsed = 00:00:07 . Memory (MB): peak = 1962.875 ; gain = 1131.066
set_property PROGRAM.FILE {C:/Users/abuba/Documents/POV Fan Project/POV_Project/POV_Project/VHDL Files/Strip/Addressable_Strips.runs/impl_1/Top_Level.bit} [get_hw_devices xc7a35t_0]
current_hw_device [get_hw_devices xc7a35t_0]
refresh_hw_device -update_hw_probes false [lindex [get_hw_devices xc7a35t_0] 0]
INFO: [Labtools 27-1434] Device xc7a35t (JTAG device index = 0) is programmed with a design that has no supported debug core(s) in it.
set_property PROBES.FILE {} [get_hw_devices xc7a35t_0]
set_property FULL_PROBES.FILE {} [get_hw_devices xc7a35t_0]
set_property PROGRAM.FILE {C:/Users/abuba/Documents/POV Fan Project/POV_Project/POV_Project/VHDL Files/Strip/Addressable_Strips.runs/impl_1/Top_Level.bit} [get_hw_devices xc7a35t_0]
program_hw_devices [get_hw_devices xc7a35t_0]
INFO: [Labtools 27-3164] End of startup status: HIGH
refresh_hw_device [lindex [get_hw_devices xc7a35t_0] 0]
INFO: [Labtools 27-1434] Device xc7a35t (JTAG device index = 0) is programmed with a design that has no supported debug core(s) in it.
set_property PROBES.FILE {} [get_hw_devices xc7a35t_0]
set_property FULL_PROBES.FILE {} [get_hw_devices xc7a35t_0]
set_property PROGRAM.FILE {C:/Users/abuba/Documents/POV Fan Project/POV_Project/POV_Project/VHDL Files/Strip/Addressable_Strips.runs/impl_1/Top_Level.bit} [get_hw_devices xc7a35t_0]
program_hw_devices [get_hw_devices xc7a35t_0]
INFO: [Labtools 27-3164] End of startup status: HIGH
refresh_hw_device [lindex [get_hw_devices xc7a35t_0] 0]
INFO: [Labtools 27-1434] Device xc7a35t (JTAG device index = 0) is programmed with a design that has no supported debug core(s) in it.
set_property -dict [list CONFIG.CLKOUT1_REQUESTED_OUT_FREQ {32} CONFIG.MMCM_CLKOUT0_DIVIDE_F {24.000} CONFIG.CLKOUT1_JITTER {557.715}] [get_ips clk_wiz_0]
generate_target all [get_files  {{C:/Users/abuba/Documents/POV Fan Project/POV_Project/POV_Project/VHDL Files/Strip/Addressable_Strips.srcs/sources_1/ip/clk_wiz_0/clk_wiz_0.xci}}]
INFO: [IP_Flow 19-1686] Generating 'Instantiation Template' target for IP 'clk_wiz_0'...
INFO: [IP_Flow 19-1686] Generating 'Synthesis' target for IP 'clk_wiz_0'...
INFO: [IP_Flow 19-1686] Generating 'Simulation' target for IP 'clk_wiz_0'...
INFO: [IP_Flow 19-1686] Generating 'Implementation' target for IP 'clk_wiz_0'...
WARNING: [Board 49-26] cannot add Board Part digilentinc.com:genesys2:part0:1.1 available at C:/Xilinx/Vivado/2019.1/data/boards/board_files/genesys2/H/board.xml as part xc7k325tffg900-2 specified in board_part file is either invalid or not available
WARNING: [Board 49-26] cannot add Board Part digilentinc.com:sword:part0:1.0 available at C:/Xilinx/Vivado/2019.1/data/boards/board_files/sword/C.0/board.xml as part xc7k325tffg900-2 specified in board_part file is either invalid or not available
WARNING: [Board 49-26] cannot add Board Part digilentinc.com:genesys2:part0:1.1 available at C:/Xilinx/Vivado/2019.1/data/boards/board_files/genesys2/H/board.xml as part xc7k325tffg900-2 specified in board_part file is either invalid or not available
WARNING: [Board 49-26] cannot add Board Part digilentinc.com:sword:part0:1.0 available at C:/Xilinx/Vivado/2019.1/data/boards/board_files/sword/C.0/board.xml as part xc7k325tffg900-2 specified in board_part file is either invalid or not available
WARNING: [Board 49-26] cannot add Board Part digilentinc.com:genesys2:part0:1.1 available at C:/Xilinx/Vivado/2019.1/data/boards/board_files/genesys2/H/board.xml as part xc7k325tffg900-2 specified in board_part file is either invalid or not available
WARNING: [Board 49-26] cannot add Board Part digilentinc.com:sword:part0:1.0 available at C:/Xilinx/Vivado/2019.1/data/boards/board_files/sword/C.0/board.xml as part xc7k325tffg900-2 specified in board_part file is either invalid or not available
INFO: [IP_Flow 19-1686] Generating 'Change Log' target for IP 'clk_wiz_0'...
generate_target: Time (s): cpu = 00:00:03 ; elapsed = 00:00:05 . Memory (MB): peak = 2205.406 ; gain = 0.000
catch { config_ip_cache -export [get_ips -all clk_wiz_0] }
INFO: [IP_Flow 19-4993] Using cached IP synthesis design for IP clk_wiz_0, cache-ID = 389b016737ff2c6f; cache size = 0.245 MB.
export_ip_user_files -of_objects [get_files {{C:/Users/abuba/Documents/POV Fan Project/POV_Project/POV_Project/VHDL Files/Strip/Addressable_Strips.srcs/sources_1/ip/clk_wiz_0/clk_wiz_0.xci}}] -no_script -sync -force -quiet
create_ip_run [get_files -of_objects [get_fileset sources_1] {{C:/Users/abuba/Documents/POV Fan Project/POV_Project/POV_Project/VHDL Files/Strip/Addressable_Strips.srcs/sources_1/ip/clk_wiz_0/clk_wiz_0.xci}}]
INFO: [Vivado 12-3453] The given sub-design is up-to-date, no action was taken.  If a run is still desired, use the '-force' option for the file:'C:/Users/abuba/Documents/POV Fan Project/POV_Project/POV_Project/VHDL Files/Strip/Addressable_Strips.srcs/sources_1/ip/clk_wiz_0/clk_wiz_0.xci'
export_simulation -of_objects [get_files {{C:/Users/abuba/Documents/POV Fan Project/POV_Project/POV_Project/VHDL Files/Strip/Addressable_Strips.srcs/sources_1/ip/clk_wiz_0/clk_wiz_0.xci}}] -directory {C:/Users/abuba/Documents/POV Fan Project/POV_Project/POV_Project/VHDL Files/Strip/Addressable_Strips.ip_user_files/sim_scripts} -ip_user_files_dir {C:/Users/abuba/Documents/POV Fan Project/POV_Project/POV_Project/VHDL Files/Strip/Addressable_Strips.ip_user_files} -ipstatic_source_dir {C:/Users/abuba/Documents/POV Fan Project/POV_Project/POV_Project/VHDL Files/Strip/Addressable_Strips.ip_user_files/ipstatic} -lib_map_path [list {modelsim=C:/Users/abuba/Documents/POV Fan Project/POV_Project/POV_Project/VHDL Files/Strip/Addressable_Strips.cache/compile_simlib/modelsim} {questa=C:/Users/abuba/Documents/POV Fan Project/POV_Project/POV_Project/VHDL Files/Strip/Addressable_Strips.cache/compile_simlib/questa} {riviera=C:/Users/abuba/Documents/POV Fan Project/POV_Project/POV_Project/VHDL Files/Strip/Addressable_Strips.cache/compile_simlib/riviera} {activehdl=C:/Users/abuba/Documents/POV Fan Project/POV_Project/POV_Project/VHDL Files/Strip/Addressable_Strips.cache/compile_simlib/activehdl}] -use_ip_compiled_libs -force -quiet
reset_run synth_1
WARNING: [Vivado 12-1017] Problems encountered:
1. Failed to delete one or more files in run directory C:/Users/abuba/Documents/POV Fan Project/POV_Project/POV_Project/VHDL Files/Strip/Addressable_Strips.runs/synth_1

launch_runs impl_1 -to_step write_bitstream -jobs 4
INFO: [Vivado 12-4149] The synthesis checkpoint for IP 'C:/Users/abuba/Documents/POV Fan Project/POV_Project/POV_Project/VHDL Files/Strip/Addressable_Strips.srcs/sources_1/ip/clk_wiz_0/clk_wiz_0.xci' is already up-to-date
[Sat Mar 14 19:48:49 2020] Launched synth_1...
Run output will be captured here: C:/Users/abuba/Documents/POV Fan Project/POV_Project/POV_Project/VHDL Files/Strip/Addressable_Strips.runs/synth_1/runme.log
[Sat Mar 14 19:48:49 2020] Launched impl_1...
Run output will be captured here: C:/Users/abuba/Documents/POV Fan Project/POV_Project/POV_Project/VHDL Files/Strip/Addressable_Strips.runs/impl_1/runme.log
open_run impl_1
INFO: [Device 21-403] Loading part xc7a35tcpg236-1
INFO: [Netlist 29-17] Analyzing 7 Unisim elements for replacement
INFO: [Netlist 29-28] Unisim Transformation completed in 0 CPU seconds
INFO: [Project 1-479] Netlist was created with Vivado 2019.1
INFO: [Project 1-570] Preparing netlist for logic optimization
INFO: [Timing 38-478] Restoring timing data from binary archive.
INFO: [Timing 38-479] Binary timing data restore complete.
INFO: [Project 1-856] Restoring constraints from binary archive.
INFO: [Project 1-853] Binary constraint restore complete.
Reading XDEF placement.
Reading placer database...
Reading XDEF routing.
Read XDEF File: Time (s): cpu = 00:00:00 ; elapsed = 00:00:00.130 . Memory (MB): peak = 2957.086 ; gain = 0.000
Restored from archive | CPU: 0.000000 secs | Memory: 0.000000 MB |
Finished XDEF File Restore: Time (s): cpu = 00:00:00 ; elapsed = 00:00:00.142 . Memory (MB): peak = 2957.086 ; gain = 0.000
Netlist sorting complete. Time (s): cpu = 00:00:00 ; elapsed = 00:00:00.001 . Memory (MB): peak = 2957.086 ; gain = 0.000
INFO: [Project 1-111] Unisim Transformation Summary:
No Unisim elements were transformed.

open_run: Time (s): cpu = 00:00:43 ; elapsed = 00:00:51 . Memory (MB): peak = 3101.121 ; gain = 895.715
CRITICAL WARNING: [Timing 38-282] The design failed to meet the timing requirements. Please see the timing summary report for details on the timing violations.
set_property PROBES.FILE {} [get_hw_devices xc7a35t_0]
set_property FULL_PROBES.FILE {} [get_hw_devices xc7a35t_0]
set_property PROGRAM.FILE {C:/Users/abuba/Documents/POV Fan Project/POV_Project/POV_Project/VHDL Files/Strip/Addressable_Strips.runs/impl_1/Top_Level.bit} [get_hw_devices xc7a35t_0]
program_hw_devices [get_hw_devices xc7a35t_0]
INFO: [Labtools 27-3164] End of startup status: HIGH
refresh_hw_device [lindex [get_hw_devices xc7a35t_0] 0]
INFO: [Labtools 27-1434] Device xc7a35t (JTAG device index = 0) is programmed with a design that has no supported debug core(s) in it.
set_property PROBES.FILE {} [get_hw_devices xc7a35t_0]
set_property FULL_PROBES.FILE {} [get_hw_devices xc7a35t_0]
set_property PROGRAM.FILE {C:/Users/abuba/Documents/POV Fan Project/POV_Project/POV_Project/VHDL Files/Strip/Addressable_Strips.runs/impl_1/Top_Level.bit} [get_hw_devices xc7a35t_0]
program_hw_devices [get_hw_devices xc7a35t_0]
INFO: [Labtools 27-3164] End of startup status: HIGH
refresh_hw_device [lindex [get_hw_devices xc7a35t_0] 0]
INFO: [Labtools 27-1434] Device xc7a35t (JTAG device index = 0) is programmed with a design that has no supported debug core(s) in it.
exit
INFO: [Common 17-206] Exiting Vivado at Sat Mar 14 20:06:37 2020...
