#-----------------------------------------------------------
# Vivado v2019.1 (64-bit)
# SW Build 2552052 on Fri May 24 14:49:42 MDT 2019
# IP Build 2548770 on Fri May 24 18:01:18 MDT 2019
# Start of session at: Fri Mar  6 22:46:58 2020
# Process ID: 1940
# Current directory: C:/Users/abuba/Documents/POV Fan Project/POV_Project/POV_Project/VHDL Files/led_strip
# Command line: vivado.exe -gui_launcher_event rodinguilauncherevent9240 C:\Users\abuba\Documents\POV Fan Project\POV_Project\POV_Project\VHDL Files\led_strip\led_strip.xpr
# Log file: C:/Users/abuba/Documents/POV Fan Project/POV_Project/POV_Project/VHDL Files/led_strip/vivado.log
# Journal file: C:/Users/abuba/Documents/POV Fan Project/POV_Project/POV_Project/VHDL Files/led_strip\vivado.jou
#-----------------------------------------------------------
start_gui
open_project {C:/Users/abuba/Documents/POV Fan Project/POV_Project/POV_Project/VHDL Files/led_strip/led_strip.xpr}
INFO: [ProjectBase 1-489] The host OS only allows 260 characters in a normal path. The project is stored in a path with more than 80 characters. If you experience issues with IP, Block Designs, or files not being found, please consider moving the project to a location with a shorter path. Alternately consider using the OS subst command to map part of the path to a drive letter.
Current project path is 'C:/Users/abuba/Documents/POV Fan Project/POV_Project/POV_Project/VHDL Files/led_strip'
INFO: [Project 1-313] Project file moved from 'C:/Users/abuba/Desktop/Newest Website/POV_Project/VHDL Files/led_strip' since last save.
Scanning sources...
Finished scanning sources
INFO: [IP_Flow 19-234] Refreshing IP repositories
INFO: [IP_Flow 19-1704] No user IP repositories specified
INFO: [IP_Flow 19-2313] Loaded Vivado IP repository 'C:/Xilinx/Vivado/2019.1/data/ip'.
open_project: Time (s): cpu = 00:00:17 ; elapsed = 00:00:06 . Memory (MB): peak = 783.547 ; gain = 105.414
update_compile_order -fileset sources_1
exit
INFO: [Common 17-206] Exiting Vivado at Sat Mar  7 23:22:23 2020...
