#-----------------------------------------------------------
# Vivado v2019.1 (64-bit)
# SW Build 2552052 on Fri May 24 14:49:42 MDT 2019
# IP Build 2548770 on Fri May 24 18:01:18 MDT 2019
# Start of session at: Fri Feb 21 21:18:16 2020
# Process ID: 7780
# Current directory: C:/Users/abuba/Documents/POV Fan Project/POV_Project/VHDL Files/led_strip
# Command line: vivado.exe -gui_launcher_event rodinguilauncherevent2968 C:\Users\abuba\Documents\POV Fan Project\POV_Project\VHDL Files\led_strip\led_strip.xpr
# Log file: C:/Users/abuba/Documents/POV Fan Project/POV_Project/VHDL Files/led_strip/vivado.log
# Journal file: C:/Users/abuba/Documents/POV Fan Project/POV_Project/VHDL Files/led_strip\vivado.jou
#-----------------------------------------------------------
start_gui
open_project {C:/Users/abuba/Documents/POV Fan Project/POV_Project/VHDL Files/led_strip/led_strip.xpr}
Scanning sources...
Finished scanning sources
INFO: [IP_Flow 19-234] Refreshing IP repositories
INFO: [IP_Flow 19-1704] No user IP repositories specified
INFO: [IP_Flow 19-2313] Loaded Vivado IP repository 'C:/Xilinx/Vivado/2019.1/data/ip'.
open_project: Time (s): cpu = 00:00:35 ; elapsed = 00:00:20 . Memory (MB): peak = 772.883 ; gain = 161.137
update_compile_order -fileset sources_1
close [ open {C:/Users/abuba/Documents/POV Fan Project/POV_Project/VHDL Files/led_strip/led_strip.srcs/sources_1/new/clock_divider.vhd} w ]
add_files {{C:/Users/abuba/Documents/POV Fan Project/POV_Project/VHDL Files/led_strip/led_strip.srcs/sources_1/new/clock_divider.vhd}}
update_compile_order -fileset sources_1
update_compile_order -fileset sources_1
update_compile_order -fileset sources_1
update_compile_order -fileset sources_1
